<?xml version="1.0" encoding="utf-8" standalone="no"?>
<test-run id="2" testcasecount="187" result="Passed" total="187" passed="187" failed="0" inconclusive="0" skipped="0" asserts="482" engine-version="3.7.0.0" clr-version="4.0.30319.42000" start-time="2017-08-17 17:10:04Z" end-time="2017-08-17 17:10:21Z" duration="16.925654">
  <command-line><![CDATA["C:\Users\richie\src\Swashbuckle\packages\NUnit.ConsoleRunner.3.7.0\tools\nunit3-console.exe"  Swashbuckle.Tests/bin/Release/Swashbuckle.Tests.dll]]></command-line>
  <test-suite type="Assembly" id="0-1204" name="Swashbuckle.Tests.dll" fullname="C:\Users\richie\src\Swashbuckle\Swashbuckle.Tests\bin\Release\Swashbuckle.Tests.dll" runstate="Runnable" testcasecount="187" result="Passed" start-time="2017-08-17 17:10:10Z" end-time="2017-08-17 17:10:21Z" duration="10.608285" total="187" passed="187" failed="0" warnings="0" inconclusive="0" skipped="0" asserts="482">
    <environment framework-version="3.7.1.0" clr-version="4.0.30319.42000" os-version="Microsoft Windows NT 6.3.9600.0" platform="Win32NT" cwd="C:\Users\richie\src\Swashbuckle" machine-name="RICHIE-PC" user="richie" user-domain="RICHIE-PC" culture="en-US" uiculture="en-US" os-architecture="x64" />
    <settings>
      <setting name="DisposeRunners" value="True" />
      <setting name="WorkDirectory" value="C:\Users\richie\src\Swashbuckle" />
      <setting name="ImageRuntimeVersion" value="4.0.30319" />
      <setting name="ImageTargetFrameworkName" value=".NETFramework,Version=v4.5" />
      <setting name="ImageRequiresX86" value="False" />
      <setting name="ImageRequiresDefaultAppDomainAssemblyResolver" value="False" />
      <setting name="NumberOfTestWorkers" value="8" />
    </settings>
    <properties>
      <property name="_PID" value="3484" />
      <property name="_APPDOMAIN" value="domain-" />
    </properties>
    <test-suite type="TestSuite" id="0-1205" name="Swashbuckle" fullname="Swashbuckle" runstate="Runnable" testcasecount="187" result="Passed" start-time="2017-08-17 17:10:10Z" end-time="2017-08-17 17:10:21Z" duration="10.548749" total="187" passed="187" failed="0" warnings="0" inconclusive="0" skipped="0" asserts="482">
      <test-suite type="TestSuite" id="0-1211" name="Swagger" fullname="Swashbuckle.Swagger" runstate="Runnable" testcasecount="8" result="Passed" start-time="2017-08-17 17:10:10Z" end-time="2017-08-17 17:10:10Z" duration="0.159126" total="8" passed="8" failed="0" warnings="0" inconclusive="0" skipped="0" asserts="8">
        <test-suite type="TestFixture" id="0-1164" name="TypeExtensionsTests" fullname="Swashbuckle.Swagger.TypeExtensionsTests" classname="Swashbuckle.Swagger.TypeExtensionsTests" runstate="Runnable" testcasecount="8" result="Passed" start-time="2017-08-17 17:10:10Z" end-time="2017-08-17 17:10:10Z" duration="0.155163" total="8" passed="8" failed="0" warnings="0" inconclusive="0" skipped="0" asserts="8">
          <test-suite type="ParameterizedMethod" id="0-1173" name="FriendlyId_ReturnsFullQualifiedFriendlyId_IfFullyQualifiedFlagIsSet" fullname="Swashbuckle.Swagger.TypeExtensionsTests.FriendlyId_ReturnsFullQualifiedFriendlyId_IfFullyQualifiedFlagIsSet" classname="Swashbuckle.Swagger.TypeExtensionsTests" runstate="Runnable" testcasecount="4" result="Passed" start-time="2017-08-17 17:10:10Z" end-time="2017-08-17 17:10:10Z" duration="0.093014" total="4" passed="4" failed="0" warnings="0" inconclusive="0" skipped="0" asserts="4">
            <test-case id="0-1169" name="FriendlyId_ReturnsFullQualifiedFriendlyId_IfFullyQualifiedFlagIsSet(Swashbuckle.Swagger.TypeExtensionsTests+InnerType,&quot;Swashbuckle.Swagger.TypeExtensionsTests.InnerType&quot;)" fullname="Swashbuckle.Swagger.TypeExtensionsTests.FriendlyId_ReturnsFullQualifiedFriendlyId_IfFullyQualifiedFlagIsSet(Swashbuckle.Swagger.TypeExtensionsTests+InnerType,&quot;Swashbuckle.Swagger.TypeExtensionsTests.InnerType&quot;)" methodname="FriendlyId_ReturnsFullQualifiedFriendlyId_IfFullyQualifiedFlagIsSet" classname="Swashbuckle.Swagger.TypeExtensionsTests" runstate="Runnable" seed="993153249" result="Passed" start-time="2017-08-17 17:10:10Z" end-time="2017-08-17 17:10:10Z" duration="0.040341" asserts="1" />
            <test-case id="0-1170" name="FriendlyId_ReturnsFullQualifiedFriendlyId_IfFullyQualifiedFlagIsSet(System.DateTime,&quot;System.DateTime&quot;)" fullname="Swashbuckle.Swagger.TypeExtensionsTests.FriendlyId_ReturnsFullQualifiedFriendlyId_IfFullyQualifiedFlagIsSet(System.DateTime,&quot;System.DateTime&quot;)" methodname="FriendlyId_ReturnsFullQualifiedFriendlyId_IfFullyQualifiedFlagIsSet" classname="Swashbuckle.Swagger.TypeExtensionsTests" runstate="Runnable" seed="876541400" result="Passed" start-time="2017-08-17 17:10:10Z" end-time="2017-08-17 17:10:10Z" duration="0.000289" asserts="1" />
            <test-case id="0-1171" name="FriendlyId_ReturnsFullQualifiedFriendlyId_IfFullyQualifiedFlagIsSet(System.Collections.Generic.IDictionary`2[System.String,System.Decimal],&quot;System.Collections.Generic.IDictionary[System.String,System.Decimal]&quot;)" fullname="Swashbuckle.Swagger.TypeExtensionsTests.FriendlyId_ReturnsFullQualifiedFriendlyId_IfFullyQualifiedFlagIsSet(System.Collections.Generic.IDictionary`2[System.String,System.Decimal],&quot;System.Collections.Generic.IDictionary[System.String,System.Decimal]&quot;)" methodname="FriendlyId_ReturnsFullQualifiedFriendlyId_IfFullyQualifiedFlagIsSet" classname="Swashbuckle.Swagger.TypeExtensionsTests" runstate="Runnable" seed="64840094" result="Passed" start-time="2017-08-17 17:10:10Z" end-time="2017-08-17 17:10:10Z" duration="0.014392" asserts="1" />
            <test-case id="0-1172" name="FriendlyId_ReturnsFullQualifiedFriendlyId_IfFullyQualifiedFlagIsSet(System.Collections.Generic.IEnumerable`1[System.String],&quot;System.Collections.Generic.IEnumerable[System.String]&quot;)" fullname="Swashbuckle.Swagger.TypeExtensionsTests.FriendlyId_ReturnsFullQualifiedFriendlyId_IfFullyQualifiedFlagIsSet(System.Collections.Generic.IEnumerable`1[System.String],&quot;System.Collections.Generic.IEnumerable[System.String]&quot;)" methodname="FriendlyId_ReturnsFullQualifiedFriendlyId_IfFullyQualifiedFlagIsSet" classname="Swashbuckle.Swagger.TypeExtensionsTests" runstate="Runnable" seed="260429695" result="Passed" start-time="2017-08-17 17:10:10Z" end-time="2017-08-17 17:10:10Z" duration="0.000298" asserts="1" />
          </test-suite>
          <test-suite type="ParameterizedMethod" id="0-1168" name="FriendlyId_ReturnsNonQualifiedFriendlyId_IfFullyQualifiedFlagIsUnset" fullname="Swashbuckle.Swagger.TypeExtensionsTests.FriendlyId_ReturnsNonQualifiedFriendlyId_IfFullyQualifiedFlagIsUnset" classname="Swashbuckle.Swagger.TypeExtensionsTests" runstate="Runnable" testcasecount="3" result="Passed" start-time="2017-08-17 17:10:10Z" end-time="2017-08-17 17:10:10Z" duration="0.012062" total="3" passed="3" failed="0" warnings="0" inconclusive="0" skipped="0" asserts="3">
            <test-case id="0-1165" name="FriendlyId_ReturnsNonQualifiedFriendlyId_IfFullyQualifiedFlagIsUnset(System.DateTime,&quot;DateTime&quot;)" fullname="Swashbuckle.Swagger.TypeExtensionsTests.FriendlyId_ReturnsNonQualifiedFriendlyId_IfFullyQualifiedFlagIsUnset(System.DateTime,&quot;DateTime&quot;)" methodname="FriendlyId_ReturnsNonQualifiedFriendlyId_IfFullyQualifiedFlagIsUnset" classname="Swashbuckle.Swagger.TypeExtensionsTests" runstate="Runnable" seed="392252188" result="Passed" start-time="2017-08-17 17:10:10Z" end-time="2017-08-17 17:10:10Z" duration="0.000563" asserts="1" />
            <test-case id="0-1166" name="FriendlyId_ReturnsNonQualifiedFriendlyId_IfFullyQualifiedFlagIsUnset(System.Collections.Generic.IEnumerable`1[System.String],&quot;IEnumerable[String]&quot;)" fullname="Swashbuckle.Swagger.TypeExtensionsTests.FriendlyId_ReturnsNonQualifiedFriendlyId_IfFullyQualifiedFlagIsUnset(System.Collections.Generic.IEnumerable`1[System.String],&quot;IEnumerable[String]&quot;)" methodname="FriendlyId_ReturnsNonQualifiedFriendlyId_IfFullyQualifiedFlagIsUnset" classname="Swashbuckle.Swagger.TypeExtensionsTests" runstate="Runnable" seed="1224603603" result="Passed" start-time="2017-08-17 17:10:10Z" end-time="2017-08-17 17:10:10Z" duration="0.000363" asserts="1" />
            <test-case id="0-1167" name="FriendlyId_ReturnsNonQualifiedFriendlyId_IfFullyQualifiedFlagIsUnset(System.Collections.Generic.IDictionary`2[System.String,System.Decimal],&quot;IDictionary[String,Decimal]&quot;)" fullname="Swashbuckle.Swagger.TypeExtensionsTests.FriendlyId_ReturnsNonQualifiedFriendlyId_IfFullyQualifiedFlagIsUnset(System.Collections.Generic.IDictionary`2[System.String,System.Decimal],&quot;IDictionary[String,Decimal]&quot;)" methodname="FriendlyId_ReturnsNonQualifiedFriendlyId_IfFullyQualifiedFlagIsUnset" classname="Swashbuckle.Swagger.TypeExtensionsTests" runstate="Runnable" seed="530566014" result="Passed" start-time="2017-08-17 17:10:10Z" end-time="2017-08-17 17:10:10Z" duration="0.000236" asserts="1" />
          </test-suite>
          <test-case id="0-1174" name="GetEnumNamesForSerialization_HonorsEnumMemberAttributes" fullname="Swashbuckle.Swagger.TypeExtensionsTests.GetEnumNamesForSerialization_HonorsEnumMemberAttributes" methodname="GetEnumNamesForSerialization_HonorsEnumMemberAttributes" classname="Swashbuckle.Swagger.TypeExtensionsTests" runstate="Runnable" seed="1458570827" result="Passed" start-time="2017-08-17 17:10:10Z" end-time="2017-08-17 17:10:10Z" duration="0.023017" asserts="1" />
        </test-suite>
      </test-suite>
      <test-suite type="TestSuite" id="0-1206" name="Tests" fullname="Swashbuckle.Tests" runstate="Runnable" testcasecount="179" result="Passed" start-time="2017-08-17 17:10:10Z" end-time="2017-08-17 17:10:21Z" duration="10.380618" total="179" passed="179" failed="0" warnings="0" inconclusive="0" skipped="0" asserts="474">
        <test-suite type="TestSuite" id="0-1207" name="Owin" fullname="Swashbuckle.Tests.Owin" runstate="Runnable" testcasecount="2" result="Passed" start-time="2017-08-17 17:10:10Z" end-time="2017-08-17 17:10:15Z" duration="4.557213" total="2" passed="2" failed="0" warnings="0" inconclusive="0" skipped="0" asserts="3">
          <test-suite type="TestFixture" id="0-1000" name="InMemoryOwinTest" fullname="Swashbuckle.Tests.Owin.InMemoryOwinTest" classname="Swashbuckle.Tests.Owin.InMemoryOwinTest" runstate="Runnable" testcasecount="2" result="Passed" start-time="2017-08-17 17:10:10Z" end-time="2017-08-17 17:10:15Z" duration="4.553305" total="2" passed="2" failed="0" warnings="0" inconclusive="0" skipped="0" asserts="3">
            <test-case id="0-1002" name="It_supports_configuring_multiple_swagger_endpoints" fullname="Swashbuckle.Tests.Owin.InMemoryOwinTest.It_supports_configuring_multiple_swagger_endpoints" methodname="It_supports_configuring_multiple_swagger_endpoints" classname="Swashbuckle.Tests.Owin.InMemoryOwinTest" runstate="Runnable" seed="256064161" result="Passed" start-time="2017-08-17 17:10:10Z" end-time="2017-08-17 17:10:14Z" duration="4.283395" asserts="2" />
            <test-case id="0-1001" name="It_supports_configuring_single_swagger_endpoint" fullname="Swashbuckle.Tests.Owin.InMemoryOwinTest.It_supports_configuring_single_swagger_endpoint" methodname="It_supports_configuring_single_swagger_endpoint" classname="Swashbuckle.Tests.Owin.InMemoryOwinTest" runstate="Runnable" seed="1466633346" result="Passed" start-time="2017-08-17 17:10:14Z" end-time="2017-08-17 17:10:15Z" duration="0.257483" asserts="1" />
          </test-suite>
        </test-suite>
        <test-suite type="TestSuite" id="0-1209" name="Swagger" fullname="Swashbuckle.Tests.Swagger" runstate="Runnable" testcasecount="160" result="Passed" start-time="2017-08-17 17:10:15Z" end-time="2017-08-17 17:10:20Z" duration="5.637013" total="160" passed="160" failed="0" warnings="0" inconclusive="0" skipped="0" asserts="437">
          <test-suite type="TestFixture" id="0-1033" name="AnnotationsTests" fullname="Swashbuckle.Tests.Swagger.AnnotationsTests" classname="Swashbuckle.Tests.Swagger.AnnotationsTests" runstate="Runnable" testcasecount="5" result="Passed" start-time="2017-08-17 17:10:15Z" end-time="2017-08-17 17:10:15Z" duration="0.716541" total="5" passed="5" failed="0" warnings="0" inconclusive="0" skipped="0" asserts="9">
            <test-case id="0-1034" name="It_assigns_operation_properties_from_swagger_operation_attribute" fullname="Swashbuckle.Tests.Swagger.AnnotationsTests.It_assigns_operation_properties_from_swagger_operation_attribute" methodname="It_assigns_operation_properties_from_swagger_operation_attribute" classname="Swashbuckle.Tests.Swagger.AnnotationsTests" runstate="Runnable" seed="1047964225" result="Passed" start-time="2017-08-17 17:10:15Z" end-time="2017-08-17 17:10:15Z" duration="0.521828" asserts="3" />
            <test-case id="0-1036" name="It_documents_responses_from_swagger_response_attributes" fullname="Swashbuckle.Tests.Swagger.AnnotationsTests.It_documents_responses_from_swagger_response_attributes" methodname="It_documents_responses_from_swagger_response_attributes" classname="Swashbuckle.Tests.Swagger.AnnotationsTests" runstate="Runnable" seed="1567015739" result="Passed" start-time="2017-08-17 17:10:15Z" end-time="2017-08-17 17:10:15Z" duration="0.074373" asserts="2" />
            <test-case id="0-1035" name="It_exposes_config_to_post_modify_responses" fullname="Swashbuckle.Tests.Swagger.AnnotationsTests.It_exposes_config_to_post_modify_responses" methodname="It_exposes_config_to_post_modify_responses" classname="Swashbuckle.Tests.Swagger.AnnotationsTests" runstate="Runnable" seed="689565470" result="Passed" start-time="2017-08-17 17:10:15Z" end-time="2017-08-17 17:10:15Z" duration="0.062615" asserts="2" />
            <test-case id="0-1038" name="It_supports_per_action_filters_via_swagger_operation_filter_attribute" fullname="Swashbuckle.Tests.Swagger.AnnotationsTests.It_supports_per_action_filters_via_swagger_operation_filter_attribute" methodname="It_supports_per_action_filters_via_swagger_operation_filter_attribute" classname="Swashbuckle.Tests.Swagger.AnnotationsTests" runstate="Runnable" seed="1822841812" result="Passed" start-time="2017-08-17 17:10:15Z" end-time="2017-08-17 17:10:15Z" duration="0.021698" asserts="1" />
            <test-case id="0-1037" name="It_supports_per_type_filters_via_swagger_schema_filter_attribute" fullname="Swashbuckle.Tests.Swagger.AnnotationsTests.It_supports_per_type_filters_via_swagger_schema_filter_attribute" methodname="It_supports_per_type_filters_via_swagger_schema_filter_attribute" classname="Swashbuckle.Tests.Swagger.AnnotationsTests" runstate="Runnable" seed="376460418" result="Passed" start-time="2017-08-17 17:10:15Z" end-time="2017-08-17 17:10:15Z" duration="0.018601" asserts="1" />
          </test-suite>
          <test-suite type="TestFixture" id="0-1138" name="CoreTests" fullname="Swashbuckle.Tests.Swagger.CoreTests" classname="Swashbuckle.Tests.Swagger.CoreTests" runstate="Runnable" testcasecount="21" result="Passed" start-time="2017-08-17 17:10:15Z" end-time="2017-08-17 17:10:16Z" duration="0.905658" total="21" passed="21" failed="0" warnings="0" inconclusive="0" skipped="0" asserts="37">
            <test-case id="0-1159" name="It_errors_on_multiple_actions_with_same_path_and_method" fullname="Swashbuckle.Tests.Swagger.CoreTests.It_errors_on_multiple_actions_with_same_path_and_method" methodname="It_errors_on_multiple_actions_with_same_path_and_method" classname="Swashbuckle.Tests.Swagger.CoreTests" runstate="Runnable" seed="2037400384" result="Passed" start-time="2017-08-17 17:10:15Z" end-time="2017-08-17 17:10:16Z" duration="0.037430" asserts="1" />
            <test-case id="0-1158" name="It_errors_on_unknown_api_version_and_returns_status_not_found" fullname="Swashbuckle.Tests.Swagger.CoreTests.It_errors_on_unknown_api_version_and_returns_status_not_found" methodname="It_errors_on_unknown_api_version_and_returns_status_not_found" classname="Swashbuckle.Tests.Swagger.CoreTests" runstate="Runnable" seed="1840791582" result="Passed" start-time="2017-08-17 17:10:16Z" end-time="2017-08-17 17:10:16Z" duration="0.141273" asserts="1" />
            <test-case id="0-1149" name="It_exposes_config_to_customize_the_grouping_of_actions" fullname="Swashbuckle.Tests.Swagger.CoreTests.It_exposes_config_to_customize_the_grouping_of_actions" methodname="It_exposes_config_to_customize_the_grouping_of_actions" classname="Swashbuckle.Tests.Swagger.CoreTests" runstate="Runnable" seed="1426685703" result="Passed" start-time="2017-08-17 17:10:16Z" end-time="2017-08-17 17:10:16Z" duration="0.023497" asserts="4" />
            <test-case id="0-1150" name="It_exposes_config_to_customize_the_ordering_of_action_groups" fullname="Swashbuckle.Tests.Swagger.CoreTests.It_exposes_config_to_customize_the_ordering_of_action_groups" methodname="It_exposes_config_to_customize_the_ordering_of_action_groups" classname="Swashbuckle.Tests.Swagger.CoreTests" runstate="Runnable" seed="2029986986" result="Passed" start-time="2017-08-17 17:10:16Z" end-time="2017-08-17 17:10:16Z" duration="0.023854" asserts="1" />
            <test-case id="0-1153" name="It_exposes_config_to_describe_multiple_api_versions" fullname="Swashbuckle.Tests.Swagger.CoreTests.It_exposes_config_to_describe_multiple_api_versions" methodname="It_exposes_config_to_describe_multiple_api_versions" classname="Swashbuckle.Tests.Swagger.CoreTests" runstate="Runnable" seed="464732941" result="Passed" start-time="2017-08-17 17:10:16Z" end-time="2017-08-17 17:10:16Z" duration="0.207470" asserts="6" />
            <test-case id="0-1146" name="It_exposes_config_to_explictly_provide_supported_schemes" fullname="Swashbuckle.Tests.Swagger.CoreTests.It_exposes_config_to_explictly_provide_supported_schemes" methodname="It_exposes_config_to_explictly_provide_supported_schemes" classname="Swashbuckle.Tests.Swagger.CoreTests" runstate="Runnable" seed="1971963031" result="Passed" start-time="2017-08-17 17:10:16Z" end-time="2017-08-17 17:10:16Z" duration="0.011176" asserts="1" />
            <test-case id="0-1148" name="It_exposes_config_to_ignore_all_actions_that_are_obsolete" fullname="Swashbuckle.Tests.Swagger.CoreTests.It_exposes_config_to_ignore_all_actions_that_are_obsolete" methodname="It_exposes_config_to_ignore_all_actions_that_are_obsolete" classname="Swashbuckle.Tests.Swagger.CoreTests" runstate="Runnable" seed="1389565668" result="Passed" start-time="2017-08-17 17:10:16Z" end-time="2017-08-17 17:10:16Z" duration="0.013263" asserts="2" />
            <test-case id="0-1145" name="It_exposes_config_to_include_additional_info_properties" fullname="Swashbuckle.Tests.Swagger.CoreTests.It_exposes_config_to_include_additional_info_properties" methodname="It_exposes_config_to_include_additional_info_properties" classname="Swashbuckle.Tests.Swagger.CoreTests" runstate="Runnable" seed="619145049" result="Passed" start-time="2017-08-17 17:10:16Z" end-time="2017-08-17 17:10:16Z" duration="0.031702" asserts="2" />
            <test-case id="0-1152" name="It_exposes_config_to_post_modify_operations" fullname="Swashbuckle.Tests.Swagger.CoreTests.It_exposes_config_to_post_modify_operations" methodname="It_exposes_config_to_post_modify_operations" classname="Swashbuckle.Tests.Swagger.CoreTests" runstate="Runnable" seed="861478516" result="Passed" start-time="2017-08-17 17:10:16Z" end-time="2017-08-17 17:10:16Z" duration="0.017193" asserts="2" />
            <test-case id="0-1151" name="It_exposes_config_to_post_modify_the_document" fullname="Swashbuckle.Tests.Swagger.CoreTests.It_exposes_config_to_post_modify_the_document" methodname="It_exposes_config_to_post_modify_the_document" classname="Swashbuckle.Tests.Swagger.CoreTests" runstate="Runnable" seed="1457045195" result="Passed" start-time="2017-08-17 17:10:16Z" end-time="2017-08-17 17:10:16Z" duration="0.013650" asserts="2" />
            <test-case id="0-1147" name="It_exposes_config_to_pretty_print_docs_output" fullname="Swashbuckle.Tests.Swagger.CoreTests.It_exposes_config_to_pretty_print_docs_output" methodname="It_exposes_config_to_pretty_print_docs_output" classname="Swashbuckle.Tests.Swagger.CoreTests" runstate="Runnable" seed="872975504" result="Passed" start-time="2017-08-17 17:10:16Z" end-time="2017-08-17 17:10:16Z" duration="0.026538" asserts="2" />
            <test-case id="0-1154" name="It_exposes_config_to_workaround_multiple_actions_with_same_path_and_method" fullname="Swashbuckle.Tests.Swagger.CoreTests.It_exposes_config_to_workaround_multiple_actions_with_same_path_and_method" methodname="It_exposes_config_to_workaround_multiple_actions_with_same_path_and_method" classname="Swashbuckle.Tests.Swagger.CoreTests" runstate="Runnable" seed="2027123830" result="Passed" start-time="2017-08-17 17:10:16Z" end-time="2017-08-17 17:10:16Z" duration="0.019016" asserts="1" />
            <test-case id="0-1155" name="It_handles_additional_route_parameters" fullname="Swashbuckle.Tests.Swagger.CoreTests.It_handles_additional_route_parameters" methodname="It_handles_additional_route_parameters" classname="Swashbuckle.Tests.Swagger.CoreTests" runstate="Runnable" seed="1927968754" result="Passed" start-time="2017-08-17 17:10:16Z" end-time="2017-08-17 17:10:16Z" duration="0.032963" asserts="1" />
            <test-case id="0-1156" name="It_handles_attribute_routes" fullname="Swashbuckle.Tests.Swagger.CoreTests.It_handles_attribute_routes" methodname="It_handles_attribute_routes" classname="Swashbuckle.Tests.Swagger.CoreTests" runstate="Runnable" seed="179142780" result="Passed" start-time="2017-08-17 17:10:16Z" end-time="2017-08-17 17:10:16Z" duration="0.044330" asserts="1" />
            <test-case id="0-1157" name="It_handles_json_formatter_not_present" fullname="Swashbuckle.Tests.Swagger.CoreTests.It_handles_json_formatter_not_present" methodname="It_handles_json_formatter_not_present" classname="Swashbuckle.Tests.Swagger.CoreTests" runstate="Runnable" seed="1134312025" result="Passed" start-time="2017-08-17 17:10:16Z" end-time="2017-08-17 17:10:16Z" duration="0.016291" asserts="0" />
            <test-case id="0-1143" name="It_provides_a_description_for_each_path_in_the_api" fullname="Swashbuckle.Tests.Swagger.CoreTests.It_provides_a_description_for_each_path_in_the_api" methodname="It_provides_a_description_for_each_path_in_the_api" classname="Swashbuckle.Tests.Swagger.CoreTests" runstate="Runnable" seed="244420758" result="Passed" start-time="2017-08-17 17:10:16Z" end-time="2017-08-17 17:10:16Z" duration="0.087521" asserts="1" />
            <test-case id="0-1142" name="It_provides_base_path_from_virtual_directory" fullname="Swashbuckle.Tests.Swagger.CoreTests.It_provides_base_path_from_virtual_directory" methodname="It_provides_base_path_from_virtual_directory" classname="Swashbuckle.Tests.Swagger.CoreTests" runstate="Runnable" seed="21022388" result="Passed" start-time="2017-08-17 17:10:16Z" end-time="2017-08-17 17:10:16Z" duration="0.012269" asserts="1" />
            <test-case id="0-1141" name="It_provides_host_base_path_and_default_schemes" fullname="Swashbuckle.Tests.Swagger.CoreTests.It_provides_host_base_path_and_default_schemes" methodname="It_provides_host_base_path_and_default_schemes" classname="Swashbuckle.Tests.Swagger.CoreTests" runstate="Runnable" seed="362489195" result="Passed" start-time="2017-08-17 17:10:16Z" end-time="2017-08-17 17:10:16Z" duration="0.023714" asserts="3" />
            <test-case id="0-1140" name="It_provides_info_version_and_title" fullname="Swashbuckle.Tests.Swagger.CoreTests.It_provides_info_version_and_title" methodname="It_provides_info_version_and_title" classname="Swashbuckle.Tests.Swagger.CoreTests" runstate="Runnable" seed="1703350940" result="Passed" start-time="2017-08-17 17:10:16Z" end-time="2017-08-17 17:10:16Z" duration="0.011275" asserts="2" />
            <test-case id="0-1139" name="It_provides_swagger_version_2_0" fullname="Swashbuckle.Tests.Swagger.CoreTests.It_provides_swagger_version_2_0" methodname="It_provides_swagger_version_2_0" classname="Swashbuckle.Tests.Swagger.CoreTests" runstate="Runnable" seed="1119663917" result="Passed" start-time="2017-08-17 17:10:16Z" end-time="2017-08-17 17:10:16Z" duration="0.011701" asserts="1" />
            <test-case id="0-1144" name="It_sets_the_deprecated_flag_on_actions_that_are_obsolete" fullname="Swashbuckle.Tests.Swagger.CoreTests.It_sets_the_deprecated_flag_on_actions_that_are_obsolete" methodname="It_sets_the_deprecated_flag_on_actions_that_are_obsolete" classname="Swashbuckle.Tests.Swagger.CoreTests" runstate="Runnable" seed="1652802967" result="Passed" start-time="2017-08-17 17:10:16Z" end-time="2017-08-17 17:10:16Z" duration="0.024359" asserts="2" />
          </test-suite>
          <test-suite type="TestFixture" id="0-1019" name="DefaultRootUrlResolverTests" fullname="Swashbuckle.Tests.Swagger.DefaultRootUrlResolverTests" classname="Swashbuckle.Tests.Swagger.DefaultRootUrlResolverTests" runstate="Runnable" testcasecount="8" result="Passed" start-time="2017-08-17 17:10:16Z" end-time="2017-08-17 17:10:16Z" duration="0.044074" total="8" passed="8" failed="0" warnings="0" inconclusive="0" skipped="0" asserts="8">
            <test-suite type="ParameterizedMethod" id="0-1028" name="It_provides_scheme_and_host_but_omits_default_port_from_request_uri" fullname="Swashbuckle.Tests.Swagger.DefaultRootUrlResolverTests.It_provides_scheme_and_host_but_omits_default_port_from_request_uri" classname="Swashbuckle.Tests.Swagger.DefaultRootUrlResolverTests" runstate="Runnable" testcasecount="6" result="Passed" start-time="2017-08-17 17:10:16Z" end-time="2017-08-17 17:10:16Z" duration="0.025056" total="6" passed="6" failed="0" warnings="0" inconclusive="0" skipped="0" asserts="6">
              <test-case id="0-1022" name="It_provides_scheme_and_host_but_omits_default_port_from_request_uri(&quot;http://tempuri.org:1234&quot;,&quot;http://tempuri.org:1234&quot;)" fullname="Swashbuckle.Tests.Swagger.DefaultRootUrlResolverTests.It_provides_scheme_and_host_but_omits_default_port_from_request_uri(&quot;http://tempuri.org:1234&quot;,&quot;http://tempuri.org:1234&quot;)" methodname="It_provides_scheme_and_host_but_omits_default_port_from_request_uri" classname="Swashbuckle.Tests.Swagger.DefaultRootUrlResolverTests" runstate="Runnable" seed="1189338787" result="Passed" start-time="2017-08-17 17:10:16Z" end-time="2017-08-17 17:10:16Z" duration="0.001462" asserts="1" />
              <test-case id="0-1023" name="It_provides_scheme_and_host_but_omits_default_port_from_request_uri(&quot;https://tempuri.org:1234&quot;,&quot;https://tempuri.org:1234&quot;)" fullname="Swashbuckle.Tests.Swagger.DefaultRootUrlResolverTests.It_provides_scheme_and_host_but_omits_default_port_from_request_uri(&quot;https://tempuri.org:1234&quot;,&quot;https://tempuri.org:1234&quot;)" methodname="It_provides_scheme_and_host_but_omits_default_port_from_request_uri" classname="Swashbuckle.Tests.Swagger.DefaultRootUrlResolverTests" runstate="Runnable" seed="314668100" result="Passed" start-time="2017-08-17 17:10:16Z" end-time="2017-08-17 17:10:16Z" duration="0.000284" asserts="1" />
              <test-case id="0-1024" name="It_provides_scheme_and_host_but_omits_default_port_from_request_uri(&quot;https://tempuri.org&quot;,&quot;https://tempuri.org&quot;)" fullname="Swashbuckle.Tests.Swagger.DefaultRootUrlResolverTests.It_provides_scheme_and_host_but_omits_default_port_from_request_uri(&quot;https://tempuri.org&quot;,&quot;https://tempuri.org&quot;)" methodname="It_provides_scheme_and_host_but_omits_default_port_from_request_uri" classname="Swashbuckle.Tests.Swagger.DefaultRootUrlResolverTests" runstate="Runnable" seed="1465013662" result="Passed" start-time="2017-08-17 17:10:16Z" end-time="2017-08-17 17:10:16Z" duration="0.000278" asserts="1" />
              <test-case id="0-1025" name="It_provides_scheme_and_host_but_omits_default_port_from_request_uri(&quot;https://tempuri.org:443&quot;,&quot;https://tempuri.org&quot;)" fullname="Swashbuckle.Tests.Swagger.DefaultRootUrlResolverTests.It_provides_scheme_and_host_but_omits_default_port_from_request_uri(&quot;https://tempuri.org:443&quot;,&quot;https://tempuri.org&quot;)" methodname="It_provides_scheme_and_host_but_omits_default_port_from_request_uri" classname="Swashbuckle.Tests.Swagger.DefaultRootUrlResolverTests" runstate="Runnable" seed="2091862702" result="Passed" start-time="2017-08-17 17:10:16Z" end-time="2017-08-17 17:10:16Z" duration="0.000260" asserts="1" />
              <test-case id="0-1026" name="It_provides_scheme_and_host_but_omits_default_port_from_request_uri(&quot;http://tempuri.org&quot;,&quot;http://tempuri.org&quot;)" fullname="Swashbuckle.Tests.Swagger.DefaultRootUrlResolverTests.It_provides_scheme_and_host_but_omits_default_port_from_request_uri(&quot;http://tempuri.org&quot;,&quot;http://tempuri.org&quot;)" methodname="It_provides_scheme_and_host_but_omits_default_port_from_request_uri" classname="Swashbuckle.Tests.Swagger.DefaultRootUrlResolverTests" runstate="Runnable" seed="262487379" result="Passed" start-time="2017-08-17 17:10:16Z" end-time="2017-08-17 17:10:16Z" duration="0.000254" asserts="1" />
              <test-case id="0-1027" name="It_provides_scheme_and_host_but_omits_default_port_from_request_uri(&quot;http://tempuri.org:80&quot;,&quot;http://tempuri.org&quot;)" fullname="Swashbuckle.Tests.Swagger.DefaultRootUrlResolverTests.It_provides_scheme_and_host_but_omits_default_port_from_request_uri(&quot;http://tempuri.org:80&quot;,&quot;http://tempuri.org&quot;)" methodname="It_provides_scheme_and_host_but_omits_default_port_from_request_uri" classname="Swashbuckle.Tests.Swagger.DefaultRootUrlResolverTests" runstate="Runnable" seed="564894741" result="Passed" start-time="2017-08-17 17:10:16Z" end-time="2017-08-17 17:10:16Z" duration="0.000258" asserts="1" />
            </test-suite>
            <test-case id="0-1020" name="It_provides_scheme_host_and_port_from_request_uri" fullname="Swashbuckle.Tests.Swagger.DefaultRootUrlResolverTests.It_provides_scheme_host_and_port_from_request_uri" methodname="It_provides_scheme_host_and_port_from_request_uri" classname="Swashbuckle.Tests.Swagger.DefaultRootUrlResolverTests" runstate="Runnable" seed="597325009" result="Passed" start-time="2017-08-17 17:10:16Z" end-time="2017-08-17 17:10:16Z" duration="0.000651" asserts="1" />
            <test-case id="0-1021" name="It_provides_scheme_host_and_port_from_x_forwarded" fullname="Swashbuckle.Tests.Swagger.DefaultRootUrlResolverTests.It_provides_scheme_host_and_port_from_x_forwarded" methodname="It_provides_scheme_host_and_port_from_x_forwarded" classname="Swashbuckle.Tests.Swagger.DefaultRootUrlResolverTests" runstate="Runnable" seed="91067239" result="Passed" start-time="2017-08-17 17:10:16Z" end-time="2017-08-17 17:10:16Z" duration="0.007144" asserts="1" />
          </test-suite>
          <test-suite type="TestFixture" id="0-1029" name="FromUriParamsTests" fullname="Swashbuckle.Tests.Swagger.FromUriParamsTests" classname="Swashbuckle.Tests.Swagger.FromUriParamsTests" runstate="Runnable" testcasecount="3" result="Passed" start-time="2017-08-17 17:10:16Z" end-time="2017-08-17 17:10:17Z" duration="0.102122" total="3" passed="3" failed="0" warnings="0" inconclusive="0" skipped="0" asserts="3">
            <test-case id="0-1031" name="It_creates_multiple_query_params_for_from_uri_object_params" fullname="Swashbuckle.Tests.Swagger.FromUriParamsTests.It_creates_multiple_query_params_for_from_uri_object_params" methodname="It_creates_multiple_query_params_for_from_uri_object_params" classname="Swashbuckle.Tests.Swagger.FromUriParamsTests" runstate="Runnable" seed="503014596" result="Passed" start-time="2017-08-17 17:10:16Z" end-time="2017-08-17 17:10:16Z" duration="0.036983" asserts="1" />
            <test-case id="0-1030" name="It_sets_collection_format_multi_for_array_params" fullname="Swashbuckle.Tests.Swagger.FromUriParamsTests.It_sets_collection_format_multi_for_array_params" methodname="It_sets_collection_format_multi_for_array_params" classname="Swashbuckle.Tests.Swagger.FromUriParamsTests" runstate="Runnable" seed="1554356580" result="Passed" start-time="2017-08-17 17:10:16Z" end-time="2017-08-17 17:10:16Z" duration="0.027100" asserts="1" />
            <test-case id="0-1032" name="It_sets_collection_format_multi_for_object_with_array_property" fullname="Swashbuckle.Tests.Swagger.FromUriParamsTests.It_sets_collection_format_multi_for_object_with_array_property" methodname="It_sets_collection_format_multi_for_object_with_array_property" classname="Swashbuckle.Tests.Swagger.FromUriParamsTests" runstate="Runnable" seed="1570456419" result="Passed" start-time="2017-08-17 17:10:16Z" end-time="2017-08-17 17:10:17Z" duration="0.027468" asserts="1" />
          </test-suite>
          <test-suite type="TestFixture" id="0-1039" name="SchemaTests" fullname="Swashbuckle.Tests.Swagger.SchemaTests" classname="Swashbuckle.Tests.Swagger.SchemaTests" runstate="Runnable" testcasecount="96" result="Passed" start-time="2017-08-17 17:10:17Z" end-time="2017-08-17 17:10:20Z" duration="3.375390" total="96" passed="96" failed="0" warnings="0" inconclusive="0" skipped="0" asserts="329">
            <test-case id="0-1137" name="It_always_marks_path_parameters_as_required" fullname="Swashbuckle.Tests.Swagger.SchemaTests.It_always_marks_path_parameters_as_required" methodname="It_always_marks_path_parameters_as_required" classname="Swashbuckle.Tests.Swagger.SchemaTests" runstate="Runnable" seed="1698363109" result="Passed" start-time="2017-08-17 17:10:17Z" end-time="2017-08-17 17:10:17Z" duration="0.014764" asserts="1" />
            <test-case id="0-1136" name="It_errors_on_multiple_types_with_the_same_class_name" fullname="Swashbuckle.Tests.Swagger.SchemaTests.It_errors_on_multiple_types_with_the_same_class_name" methodname="It_errors_on_multiple_types_with_the_same_class_name" classname="Swashbuckle.Tests.Swagger.SchemaTests" runstate="Runnable" seed="1125555105" result="Passed" start-time="2017-08-17 17:10:17Z" end-time="2017-08-17 17:10:17Z" duration="0.075483" asserts="1" />
            <test-case id="0-1128" name="It_exposes_config_to_choose_schema_id" fullname="Swashbuckle.Tests.Swagger.SchemaTests.It_exposes_config_to_choose_schema_id" methodname="It_exposes_config_to_choose_schema_id" classname="Swashbuckle.Tests.Swagger.SchemaTests" runstate="Runnable" seed="1965922671" result="Passed" start-time="2017-08-17 17:10:17Z" end-time="2017-08-17 17:10:17Z" duration="0.017202" asserts="1" />
            <test-case id="0-1126" name="It_exposes_config_to_ignore_all_properties_that_are_obsolete" fullname="Swashbuckle.Tests.Swagger.SchemaTests.It_exposes_config_to_ignore_all_properties_that_are_obsolete" methodname="It_exposes_config_to_ignore_all_properties_that_are_obsolete" classname="Swashbuckle.Tests.Swagger.SchemaTests" runstate="Runnable" seed="380205042" result="Passed" start-time="2017-08-17 17:10:17Z" end-time="2017-08-17 17:10:17Z" duration="0.015959" asserts="1" />
            <test-case id="0-1048" name="It_exposes_config_to_map_a_type_to_an_explicit_schema" fullname="Swashbuckle.Tests.Swagger.SchemaTests.It_exposes_config_to_map_a_type_to_an_explicit_schema" methodname="It_exposes_config_to_map_a_type_to_an_explicit_schema" classname="Swashbuckle.Tests.Swagger.SchemaTests" runstate="Runnable" seed="903061295" result="Passed" start-time="2017-08-17 17:10:17Z" end-time="2017-08-17 17:10:17Z" duration="0.024426" asserts="1" />
            <test-case id="0-1129" name="It_exposes_config_to_modify_schema_ids" fullname="Swashbuckle.Tests.Swagger.SchemaTests.It_exposes_config_to_modify_schema_ids" methodname="It_exposes_config_to_modify_schema_ids" classname="Swashbuckle.Tests.Swagger.SchemaTests" runstate="Runnable" seed="713990583" result="Passed" start-time="2017-08-17 17:10:17Z" end-time="2017-08-17 17:10:17Z" duration="0.015659" asserts="1" />
            <test-case id="0-1049" name="It_exposes_config_to_post_modify_schemas_for_mapped_types" fullname="Swashbuckle.Tests.Swagger.SchemaTests.It_exposes_config_to_post_modify_schemas_for_mapped_types" methodname="It_exposes_config_to_post_modify_schemas_for_mapped_types" classname="Swashbuckle.Tests.Swagger.SchemaTests" runstate="Runnable" seed="672969771" result="Passed" start-time="2017-08-17 17:10:17Z" end-time="2017-08-17 17:10:17Z" duration="0.090777" asserts="4" />
            <test-suite type="ParameterizedMethod" id="0-1125" name="It_exposes_config_to_post_modify_schemas_for_primitive_arrays" fullname="Swashbuckle.Tests.Swagger.SchemaTests.It_exposes_config_to_post_modify_schemas_for_primitive_arrays" classname="Swashbuckle.Tests.Swagger.SchemaTests" runstate="Runnable" testcasecount="37" result="Passed" start-time="2017-08-17 17:10:17Z" end-time="2017-08-17 17:10:19Z" duration="1.768265" total="37" passed="37" failed="0" warnings="0" inconclusive="0" skipped="0" asserts="148">
              <test-case id="0-1088" name="It_exposes_config_to_post_modify_schemas_for_primitive_arrays(&quot;EchoInt16&quot;,System.Int16,&quot;integer&quot;,&quot;int32&quot;,&quot;System.Int16&quot;,False)" fullname="Swashbuckle.Tests.Swagger.SchemaTests.It_exposes_config_to_post_modify_schemas_for_primitive_arrays(&quot;EchoInt16&quot;,System.Int16,&quot;integer&quot;,&quot;int32&quot;,&quot;System.Int16&quot;,False)" methodname="It_exposes_config_to_post_modify_schemas_for_primitive_arrays" classname="Swashbuckle.Tests.Swagger.SchemaTests" runstate="Runnable" seed="1920208180" result="Passed" start-time="2017-08-17 17:10:17Z" end-time="2017-08-17 17:10:17Z" duration="0.102826" asserts="4" />
              <test-case id="0-1089" name="It_exposes_config_to_post_modify_schemas_for_primitive_arrays(&quot;EchoNullableUInt16&quot;,System.Nullable`1[System.UInt16],&quot;integer&quot;,&quot;int32&quot;,&quot;System.UInt16&quot;,True)" fullname="Swashbuckle.Tests.Swagger.SchemaTests.It_exposes_config_to_post_modify_schemas_for_primitive_arrays(&quot;EchoNullableUInt16&quot;,System.Nullable`1[System.UInt16],&quot;integer&quot;,&quot;int32&quot;,&quot;System.UInt16&quot;,True)" methodname="It_exposes_config_to_post_modify_schemas_for_primitive_arrays" classname="Swashbuckle.Tests.Swagger.SchemaTests" runstate="Runnable" seed="367748883" result="Passed" start-time="2017-08-17 17:10:17Z" end-time="2017-08-17 17:10:17Z" duration="0.050692" asserts="4" />
              <test-case id="0-1090" name="It_exposes_config_to_post_modify_schemas_for_primitive_arrays(&quot;EchoNullableInt16&quot;,System.Nullable`1[System.Int16],&quot;integer&quot;,&quot;int32&quot;,&quot;System.Int16&quot;,True)" fullname="Swashbuckle.Tests.Swagger.SchemaTests.It_exposes_config_to_post_modify_schemas_for_primitive_arrays(&quot;EchoNullableInt16&quot;,System.Nullable`1[System.Int16],&quot;integer&quot;,&quot;int32&quot;,&quot;System.Int16&quot;,True)" methodname="It_exposes_config_to_post_modify_schemas_for_primitive_arrays" classname="Swashbuckle.Tests.Swagger.SchemaTests" runstate="Runnable" seed="842545235" result="Passed" start-time="2017-08-17 17:10:17Z" end-time="2017-08-17 17:10:17Z" duration="0.047983" asserts="4" />
              <test-case id="0-1091" name="It_exposes_config_to_post_modify_schemas_for_primitive_arrays(&quot;EchoNullableByte&quot;,System.Nullable`1[System.Byte],&quot;integer&quot;,&quot;int32&quot;,&quot;System.Byte&quot;,True)" fullname="Swashbuckle.Tests.Swagger.SchemaTests.It_exposes_config_to_post_modify_schemas_for_primitive_arrays(&quot;EchoNullableByte&quot;,System.Nullable`1[System.Byte],&quot;integer&quot;,&quot;int32&quot;,&quot;System.Byte&quot;,True)" methodname="It_exposes_config_to_post_modify_schemas_for_primitive_arrays" classname="Swashbuckle.Tests.Swagger.SchemaTests" runstate="Runnable" seed="1157930239" result="Passed" start-time="2017-08-17 17:10:17Z" end-time="2017-08-17 17:10:17Z" duration="0.045864" asserts="4" />
              <test-case id="0-1092" name="It_exposes_config_to_post_modify_schemas_for_primitive_arrays(&quot;EchoByte&quot;,System.Byte,&quot;string&quot;,&quot;byte&quot;,&quot;System.Byte[]&quot;,True)" fullname="Swashbuckle.Tests.Swagger.SchemaTests.It_exposes_config_to_post_modify_schemas_for_primitive_arrays(&quot;EchoByte&quot;,System.Byte,&quot;string&quot;,&quot;byte&quot;,&quot;System.Byte[]&quot;,True)" methodname="It_exposes_config_to_post_modify_schemas_for_primitive_arrays" classname="Swashbuckle.Tests.Swagger.SchemaTests" runstate="Runnable" seed="1515500615" result="Passed" start-time="2017-08-17 17:10:17Z" end-time="2017-08-17 17:10:17Z" duration="0.050128" asserts="4" />
              <test-case id="0-1093" name="It_exposes_config_to_post_modify_schemas_for_primitive_arrays(&quot;EchoSByte&quot;,System.SByte,&quot;integer&quot;,&quot;int32&quot;,&quot;System.SByte&quot;,False)" fullname="Swashbuckle.Tests.Swagger.SchemaTests.It_exposes_config_to_post_modify_schemas_for_primitive_arrays(&quot;EchoSByte&quot;,System.SByte,&quot;integer&quot;,&quot;int32&quot;,&quot;System.SByte&quot;,False)" methodname="It_exposes_config_to_post_modify_schemas_for_primitive_arrays" classname="Swashbuckle.Tests.Swagger.SchemaTests" runstate="Runnable" seed="386814422" result="Passed" start-time="2017-08-17 17:10:17Z" end-time="2017-08-17 17:10:17Z" duration="0.049018" asserts="4" />
              <test-case id="0-1094" name="It_exposes_config_to_post_modify_schemas_for_primitive_arrays(&quot;EchoUInt16&quot;,System.UInt16,&quot;integer&quot;,&quot;int32&quot;,&quot;System.UInt16&quot;,False)" fullname="Swashbuckle.Tests.Swagger.SchemaTests.It_exposes_config_to_post_modify_schemas_for_primitive_arrays(&quot;EchoUInt16&quot;,System.UInt16,&quot;integer&quot;,&quot;int32&quot;,&quot;System.UInt16&quot;,False)" methodname="It_exposes_config_to_post_modify_schemas_for_primitive_arrays" classname="Swashbuckle.Tests.Swagger.SchemaTests" runstate="Runnable" seed="666031625" result="Passed" start-time="2017-08-17 17:10:17Z" end-time="2017-08-17 17:10:17Z" duration="0.048954" asserts="4" />
              <test-case id="0-1095" name="It_exposes_config_to_post_modify_schemas_for_primitive_arrays(&quot;EchoInt32&quot;,System.Int32,&quot;integer&quot;,&quot;int32&quot;,&quot;System.Int32&quot;,False)" fullname="Swashbuckle.Tests.Swagger.SchemaTests.It_exposes_config_to_post_modify_schemas_for_primitive_arrays(&quot;EchoInt32&quot;,System.Int32,&quot;integer&quot;,&quot;int32&quot;,&quot;System.Int32&quot;,False)" methodname="It_exposes_config_to_post_modify_schemas_for_primitive_arrays" classname="Swashbuckle.Tests.Swagger.SchemaTests" runstate="Runnable" seed="362203173" result="Passed" start-time="2017-08-17 17:10:17Z" end-time="2017-08-17 17:10:17Z" duration="0.047348" asserts="4" />
              <test-case id="0-1096" name="It_exposes_config_to_post_modify_schemas_for_primitive_arrays(&quot;EchoUInt32&quot;,System.UInt32,&quot;integer&quot;,&quot;int32&quot;,&quot;System.UInt32&quot;,False)" fullname="Swashbuckle.Tests.Swagger.SchemaTests.It_exposes_config_to_post_modify_schemas_for_primitive_arrays(&quot;EchoUInt32&quot;,System.UInt32,&quot;integer&quot;,&quot;int32&quot;,&quot;System.UInt32&quot;,False)" methodname="It_exposes_config_to_post_modify_schemas_for_primitive_arrays" classname="Swashbuckle.Tests.Swagger.SchemaTests" runstate="Runnable" seed="1487530569" result="Passed" start-time="2017-08-17 17:10:17Z" end-time="2017-08-17 17:10:17Z" duration="0.046760" asserts="4" />
              <test-case id="0-1097" name="It_exposes_config_to_post_modify_schemas_for_primitive_arrays(&quot;EchoInt64&quot;,System.Int64,&quot;integer&quot;,&quot;int64&quot;,&quot;System.Int64&quot;,False)" fullname="Swashbuckle.Tests.Swagger.SchemaTests.It_exposes_config_to_post_modify_schemas_for_primitive_arrays(&quot;EchoInt64&quot;,System.Int64,&quot;integer&quot;,&quot;int64&quot;,&quot;System.Int64&quot;,False)" methodname="It_exposes_config_to_post_modify_schemas_for_primitive_arrays" classname="Swashbuckle.Tests.Swagger.SchemaTests" runstate="Runnable" seed="1624263987" result="Passed" start-time="2017-08-17 17:10:17Z" end-time="2017-08-17 17:10:17Z" duration="0.047848" asserts="4" />
              <test-case id="0-1098" name="It_exposes_config_to_post_modify_schemas_for_primitive_arrays(&quot;EchoUInt64&quot;,System.UInt64,&quot;integer&quot;,&quot;int64&quot;,&quot;System.UInt64&quot;,False)" fullname="Swashbuckle.Tests.Swagger.SchemaTests.It_exposes_config_to_post_modify_schemas_for_primitive_arrays(&quot;EchoUInt64&quot;,System.UInt64,&quot;integer&quot;,&quot;int64&quot;,&quot;System.UInt64&quot;,False)" methodname="It_exposes_config_to_post_modify_schemas_for_primitive_arrays" classname="Swashbuckle.Tests.Swagger.SchemaTests" runstate="Runnable" seed="1404887150" result="Passed" start-time="2017-08-17 17:10:17Z" end-time="2017-08-17 17:10:17Z" duration="0.049104" asserts="4" />
              <test-case id="0-1099" name="It_exposes_config_to_post_modify_schemas_for_primitive_arrays(&quot;EchoSingle&quot;,System.Single,&quot;number&quot;,&quot;float&quot;,&quot;System.Single&quot;,False)" fullname="Swashbuckle.Tests.Swagger.SchemaTests.It_exposes_config_to_post_modify_schemas_for_primitive_arrays(&quot;EchoSingle&quot;,System.Single,&quot;number&quot;,&quot;float&quot;,&quot;System.Single&quot;,False)" methodname="It_exposes_config_to_post_modify_schemas_for_primitive_arrays" classname="Swashbuckle.Tests.Swagger.SchemaTests" runstate="Runnable" seed="503369588" result="Passed" start-time="2017-08-17 17:10:17Z" end-time="2017-08-17 17:10:17Z" duration="0.048020" asserts="4" />
              <test-case id="0-1100" name="It_exposes_config_to_post_modify_schemas_for_primitive_arrays(&quot;EchoDouble&quot;,System.Double,&quot;number&quot;,&quot;double&quot;,&quot;System.Double&quot;,False)" fullname="Swashbuckle.Tests.Swagger.SchemaTests.It_exposes_config_to_post_modify_schemas_for_primitive_arrays(&quot;EchoDouble&quot;,System.Double,&quot;number&quot;,&quot;double&quot;,&quot;System.Double&quot;,False)" methodname="It_exposes_config_to_post_modify_schemas_for_primitive_arrays" classname="Swashbuckle.Tests.Swagger.SchemaTests" runstate="Runnable" seed="1443394482" result="Passed" start-time="2017-08-17 17:10:17Z" end-time="2017-08-17 17:10:18Z" duration="0.044740" asserts="4" />
              <test-case id="0-1101" name="It_exposes_config_to_post_modify_schemas_for_primitive_arrays(&quot;EchoDecimal&quot;,System.Decimal,&quot;number&quot;,&quot;double&quot;,&quot;System.Decimal&quot;,False)" fullname="Swashbuckle.Tests.Swagger.SchemaTests.It_exposes_config_to_post_modify_schemas_for_primitive_arrays(&quot;EchoDecimal&quot;,System.Decimal,&quot;number&quot;,&quot;double&quot;,&quot;System.Decimal&quot;,False)" methodname="It_exposes_config_to_post_modify_schemas_for_primitive_arrays" classname="Swashbuckle.Tests.Swagger.SchemaTests" runstate="Runnable" seed="880769875" result="Passed" start-time="2017-08-17 17:10:18Z" end-time="2017-08-17 17:10:18Z" duration="0.041440" asserts="4" />
              <test-case id="0-1102" name="It_exposes_config_to_post_modify_schemas_for_primitive_arrays(&quot;EchoDateTime&quot;,System.DateTime,&quot;string&quot;,&quot;date-time&quot;,&quot;System.DateTime&quot;,False)" fullname="Swashbuckle.Tests.Swagger.SchemaTests.It_exposes_config_to_post_modify_schemas_for_primitive_arrays(&quot;EchoDateTime&quot;,System.DateTime,&quot;string&quot;,&quot;date-time&quot;,&quot;System.DateTime&quot;,False)" methodname="It_exposes_config_to_post_modify_schemas_for_primitive_arrays" classname="Swashbuckle.Tests.Swagger.SchemaTests" runstate="Runnable" seed="1553464060" result="Passed" start-time="2017-08-17 17:10:18Z" end-time="2017-08-17 17:10:18Z" duration="0.043374" asserts="4" />
              <test-case id="0-1103" name="It_exposes_config_to_post_modify_schemas_for_primitive_arrays(&quot;EchoDateTimeOffset&quot;,System.DateTimeOffset,&quot;string&quot;,&quot;date-time&quot;,&quot;System.DateTimeOffset&quot;,False)" fullname="Swashbuckle.Tests.Swagger.SchemaTests.It_exposes_config_to_post_modify_schemas_for_primitive_arrays(&quot;EchoDateTimeOffset&quot;,System.DateTimeOffset,&quot;string&quot;,&quot;date-time&quot;,&quot;System.DateTimeOffset&quot;,False)" methodname="It_exposes_config_to_post_modify_schemas_for_primitive_arrays" classname="Swashbuckle.Tests.Swagger.SchemaTests" runstate="Runnable" seed="1560490545" result="Passed" start-time="2017-08-17 17:10:18Z" end-time="2017-08-17 17:10:18Z" duration="0.042612" asserts="4" />
              <test-case id="0-1104" name="It_exposes_config_to_post_modify_schemas_for_primitive_arrays(&quot;EchoTimeSpan&quot;,System.TimeSpan,&quot;string&quot;,null,&quot;System.TimeSpan&quot;,False)" fullname="Swashbuckle.Tests.Swagger.SchemaTests.It_exposes_config_to_post_modify_schemas_for_primitive_arrays(&quot;EchoTimeSpan&quot;,System.TimeSpan,&quot;string&quot;,null,&quot;System.TimeSpan&quot;,False)" methodname="It_exposes_config_to_post_modify_schemas_for_primitive_arrays" classname="Swashbuckle.Tests.Swagger.SchemaTests" runstate="Runnable" seed="838950971" result="Passed" start-time="2017-08-17 17:10:18Z" end-time="2017-08-17 17:10:18Z" duration="0.041265" asserts="4" />
              <test-case id="0-1105" name="It_exposes_config_to_post_modify_schemas_for_primitive_arrays(&quot;EchoEnum&quot;,Swashbuckle.Dummy.Types.PrimitiveEnum,&quot;integer&quot;,&quot;int32&quot;,&quot;Swashbuckle.Dummy.Types.PrimitiveEnum&quot;,False)" fullname="Swashbuckle.Tests.Swagger.SchemaTests.It_exposes_config_to_post_modify_schemas_for_primitive_arrays(&quot;EchoEnum&quot;,Swashbuckle.Dummy.Types.PrimitiveEnum,&quot;integer&quot;,&quot;int32&quot;,&quot;Swashbuckle.Dummy.Types.PrimitiveEnum&quot;,False)" methodname="It_exposes_config_to_post_modify_schemas_for_primitive_arrays" classname="Swashbuckle.Tests.Swagger.SchemaTests" runstate="Runnable" seed="2077136739" result="Passed" start-time="2017-08-17 17:10:18Z" end-time="2017-08-17 17:10:18Z" duration="0.041357" asserts="4" />
              <test-case id="0-1106" name="It_exposes_config_to_post_modify_schemas_for_primitive_arrays(&quot;EchoEnum&quot;,Swashbuckle.Dummy.Types.PrimitiveEnum,&quot;string&quot;,null,&quot;Swashbuckle.Dummy.Types.PrimitiveEnum&quot;,False)" fullname="Swashbuckle.Tests.Swagger.SchemaTests.It_exposes_config_to_post_modify_schemas_for_primitive_arrays(&quot;EchoEnum&quot;,Swashbuckle.Dummy.Types.PrimitiveEnum,&quot;string&quot;,null,&quot;Swashbuckle.Dummy.Types.PrimitiveEnum&quot;,False)" methodname="It_exposes_config_to_post_modify_schemas_for_primitive_arrays" classname="Swashbuckle.Tests.Swagger.SchemaTests" runstate="Runnable" seed="404371572" result="Passed" start-time="2017-08-17 17:10:18Z" end-time="2017-08-17 17:10:18Z" duration="0.042353" asserts="4" />
              <test-case id="0-1107" name="It_exposes_config_to_post_modify_schemas_for_primitive_arrays(&quot;EchoChar&quot;,System.Char,&quot;string&quot;,null,&quot;System.Char&quot;,False)" fullname="Swashbuckle.Tests.Swagger.SchemaTests.It_exposes_config_to_post_modify_schemas_for_primitive_arrays(&quot;EchoChar&quot;,System.Char,&quot;string&quot;,null,&quot;System.Char&quot;,False)" methodname="It_exposes_config_to_post_modify_schemas_for_primitive_arrays" classname="Swashbuckle.Tests.Swagger.SchemaTests" runstate="Runnable" seed="2131496154" result="Passed" start-time="2017-08-17 17:10:18Z" end-time="2017-08-17 17:10:18Z" duration="0.043213" asserts="4" />
              <test-case id="0-1108" name="It_exposes_config_to_post_modify_schemas_for_primitive_arrays(&quot;EchoNullableBoolean&quot;,System.Nullable`1[System.Boolean],&quot;boolean&quot;,null,&quot;System.Boolean&quot;,True)" fullname="Swashbuckle.Tests.Swagger.SchemaTests.It_exposes_config_to_post_modify_schemas_for_primitive_arrays(&quot;EchoNullableBoolean&quot;,System.Nullable`1[System.Boolean],&quot;boolean&quot;,null,&quot;System.Boolean&quot;,True)" methodname="It_exposes_config_to_post_modify_schemas_for_primitive_arrays" classname="Swashbuckle.Tests.Swagger.SchemaTests" runstate="Runnable" seed="996672012" result="Passed" start-time="2017-08-17 17:10:18Z" end-time="2017-08-17 17:10:18Z" duration="0.041919" asserts="4" />
              <test-case id="0-1109" name="It_exposes_config_to_post_modify_schemas_for_primitive_arrays(&quot;EchoNullableDecimal&quot;,System.Nullable`1[System.Decimal],&quot;number&quot;,&quot;double&quot;,&quot;System.Decimal&quot;,True)" fullname="Swashbuckle.Tests.Swagger.SchemaTests.It_exposes_config_to_post_modify_schemas_for_primitive_arrays(&quot;EchoNullableDecimal&quot;,System.Nullable`1[System.Decimal],&quot;number&quot;,&quot;double&quot;,&quot;System.Decimal&quot;,True)" methodname="It_exposes_config_to_post_modify_schemas_for_primitive_arrays" classname="Swashbuckle.Tests.Swagger.SchemaTests" runstate="Runnable" seed="400754216" result="Passed" start-time="2017-08-17 17:10:18Z" end-time="2017-08-17 17:10:18Z" duration="0.040082" asserts="4" />
              <test-case id="0-1110" name="It_exposes_config_to_post_modify_schemas_for_primitive_arrays(&quot;EchoNullableSByte&quot;,System.Nullable`1[System.SByte],&quot;integer&quot;,&quot;int32&quot;,&quot;System.SByte&quot;,True)" fullname="Swashbuckle.Tests.Swagger.SchemaTests.It_exposes_config_to_post_modify_schemas_for_primitive_arrays(&quot;EchoNullableSByte&quot;,System.Nullable`1[System.SByte],&quot;integer&quot;,&quot;int32&quot;,&quot;System.SByte&quot;,True)" methodname="It_exposes_config_to_post_modify_schemas_for_primitive_arrays" classname="Swashbuckle.Tests.Swagger.SchemaTests" runstate="Runnable" seed="1138604445" result="Passed" start-time="2017-08-17 17:10:18Z" end-time="2017-08-17 17:10:18Z" duration="0.041132" asserts="4" />
              <test-case id="0-1111" name="It_exposes_config_to_post_modify_schemas_for_primitive_arrays(&quot;EchoBoolean&quot;,System.Boolean,&quot;boolean&quot;,null,&quot;System.Boolean&quot;,False)" fullname="Swashbuckle.Tests.Swagger.SchemaTests.It_exposes_config_to_post_modify_schemas_for_primitive_arrays(&quot;EchoBoolean&quot;,System.Boolean,&quot;boolean&quot;,null,&quot;System.Boolean&quot;,False)" methodname="It_exposes_config_to_post_modify_schemas_for_primitive_arrays" classname="Swashbuckle.Tests.Swagger.SchemaTests" runstate="Runnable" seed="1841731768" result="Passed" start-time="2017-08-17 17:10:18Z" end-time="2017-08-17 17:10:18Z" duration="0.043408" asserts="4" />
              <test-case id="0-1112" name="It_exposes_config_to_post_modify_schemas_for_primitive_arrays(&quot;EchoNullableInt32&quot;,System.Nullable`1[System.Int32],&quot;integer&quot;,&quot;int32&quot;,&quot;System.Int32&quot;,True)" fullname="Swashbuckle.Tests.Swagger.SchemaTests.It_exposes_config_to_post_modify_schemas_for_primitive_arrays(&quot;EchoNullableInt32&quot;,System.Nullable`1[System.Int32],&quot;integer&quot;,&quot;int32&quot;,&quot;System.Int32&quot;,True)" methodname="It_exposes_config_to_post_modify_schemas_for_primitive_arrays" classname="Swashbuckle.Tests.Swagger.SchemaTests" runstate="Runnable" seed="1031497461" result="Passed" start-time="2017-08-17 17:10:18Z" end-time="2017-08-17 17:10:18Z" duration="0.043677" asserts="4" />
              <test-case id="0-1113" name="It_exposes_config_to_post_modify_schemas_for_primitive_arrays(&quot;EchoNullableUInt32&quot;,System.Nullable`1[System.UInt32],&quot;integer&quot;,&quot;int32&quot;,&quot;System.UInt32&quot;,True)" fullname="Swashbuckle.Tests.Swagger.SchemaTests.It_exposes_config_to_post_modify_schemas_for_primitive_arrays(&quot;EchoNullableUInt32&quot;,System.Nullable`1[System.UInt32],&quot;integer&quot;,&quot;int32&quot;,&quot;System.UInt32&quot;,True)" methodname="It_exposes_config_to_post_modify_schemas_for_primitive_arrays" classname="Swashbuckle.Tests.Swagger.SchemaTests" runstate="Runnable" seed="229765365" result="Passed" start-time="2017-08-17 17:10:18Z" end-time="2017-08-17 17:10:18Z" duration="0.037906" asserts="4" />
              <test-case id="0-1114" name="It_exposes_config_to_post_modify_schemas_for_primitive_arrays(&quot;EchoNullableInt64&quot;,System.Nullable`1[System.Int64],&quot;integer&quot;,&quot;int64&quot;,&quot;System.Int64&quot;,True)" fullname="Swashbuckle.Tests.Swagger.SchemaTests.It_exposes_config_to_post_modify_schemas_for_primitive_arrays(&quot;EchoNullableInt64&quot;,System.Nullable`1[System.Int64],&quot;integer&quot;,&quot;int64&quot;,&quot;System.Int64&quot;,True)" methodname="It_exposes_config_to_post_modify_schemas_for_primitive_arrays" classname="Swashbuckle.Tests.Swagger.SchemaTests" runstate="Runnable" seed="1688279781" result="Passed" start-time="2017-08-17 17:10:18Z" end-time="2017-08-17 17:10:18Z" duration="0.037700" asserts="4" />
              <test-case id="0-1115" name="It_exposes_config_to_post_modify_schemas_for_primitive_arrays(&quot;EchoNullableUInt64&quot;,System.Nullable`1[System.UInt64],&quot;integer&quot;,&quot;int64&quot;,&quot;System.UInt64&quot;,True)" fullname="Swashbuckle.Tests.Swagger.SchemaTests.It_exposes_config_to_post_modify_schemas_for_primitive_arrays(&quot;EchoNullableUInt64&quot;,System.Nullable`1[System.UInt64],&quot;integer&quot;,&quot;int64&quot;,&quot;System.UInt64&quot;,True)" methodname="It_exposes_config_to_post_modify_schemas_for_primitive_arrays" classname="Swashbuckle.Tests.Swagger.SchemaTests" runstate="Runnable" seed="878892511" result="Passed" start-time="2017-08-17 17:10:18Z" end-time="2017-08-17 17:10:18Z" duration="0.037626" asserts="4" />
              <test-case id="0-1116" name="It_exposes_config_to_post_modify_schemas_for_primitive_arrays(&quot;EchoNullableSingle&quot;,System.Nullable`1[System.Single],&quot;number&quot;,&quot;float&quot;,&quot;System.Single&quot;,True)" fullname="Swashbuckle.Tests.Swagger.SchemaTests.It_exposes_config_to_post_modify_schemas_for_primitive_arrays(&quot;EchoNullableSingle&quot;,System.Nullable`1[System.Single],&quot;number&quot;,&quot;float&quot;,&quot;System.Single&quot;,True)" methodname="It_exposes_config_to_post_modify_schemas_for_primitive_arrays" classname="Swashbuckle.Tests.Swagger.SchemaTests" runstate="Runnable" seed="1828242156" result="Passed" start-time="2017-08-17 17:10:18Z" end-time="2017-08-17 17:10:18Z" duration="0.038138" asserts="4" />
              <test-case id="0-1117" name="It_exposes_config_to_post_modify_schemas_for_primitive_arrays(&quot;EchoNullableDouble&quot;,System.Nullable`1[System.Double],&quot;number&quot;,&quot;double&quot;,&quot;System.Double&quot;,True)" fullname="Swashbuckle.Tests.Swagger.SchemaTests.It_exposes_config_to_post_modify_schemas_for_primitive_arrays(&quot;EchoNullableDouble&quot;,System.Nullable`1[System.Double],&quot;number&quot;,&quot;double&quot;,&quot;System.Double&quot;,True)" methodname="It_exposes_config_to_post_modify_schemas_for_primitive_arrays" classname="Swashbuckle.Tests.Swagger.SchemaTests" runstate="Runnable" seed="967121023" result="Passed" start-time="2017-08-17 17:10:18Z" end-time="2017-08-17 17:10:18Z" duration="0.037145" asserts="4" />
              <test-case id="0-1118" name="It_exposes_config_to_post_modify_schemas_for_primitive_arrays(&quot;EchoNullableEnum&quot;,System.Nullable`1[Swashbuckle.Dummy.Types.PrimitiveEnum],&quot;string&quot;,null,&quot;Swashbuckle.Dummy.Types.PrimitiveEnum&quot;,True)" fullname="Swashbuckle.Tests.Swagger.SchemaTests.It_exposes_config_to_post_modify_schemas_for_primitive_arrays(&quot;EchoNullableEnum&quot;,System.Nullable`1[Swashbuckle.Dummy.Types.PrimitiveEnum],&quot;string&quot;,null,&quot;Swashbuckle.Dummy.Types.PrimitiveEnum&quot;,True)" methodname="It_exposes_config_to_post_modify_schemas_for_primitive_arrays" classname="Swashbuckle.Tests.Swagger.SchemaTests" runstate="Runnable" seed="1397110412" result="Passed" start-time="2017-08-17 17:10:18Z" end-time="2017-08-17 17:10:18Z" duration="0.035781" asserts="4" />
              <test-case id="0-1119" name="It_exposes_config_to_post_modify_schemas_for_primitive_arrays(&quot;EchoNullableEnum&quot;,System.Nullable`1[Swashbuckle.Dummy.Types.PrimitiveEnum],&quot;integer&quot;,&quot;int32&quot;,&quot;Swashbuckle.Dummy.Types.PrimitiveEnum&quot;,True)" fullname="Swashbuckle.Tests.Swagger.SchemaTests.It_exposes_config_to_post_modify_schemas_for_primitive_arrays(&quot;EchoNullableEnum&quot;,System.Nullable`1[Swashbuckle.Dummy.Types.PrimitiveEnum],&quot;integer&quot;,&quot;int32&quot;,&quot;Swashbuckle.Dummy.Types.PrimitiveEnum&quot;,True)" methodname="It_exposes_config_to_post_modify_schemas_for_primitive_arrays" classname="Swashbuckle.Tests.Swagger.SchemaTests" runstate="Runnable" seed="1297620976" result="Passed" start-time="2017-08-17 17:10:18Z" end-time="2017-08-17 17:10:18Z" duration="0.036857" asserts="4" />
              <test-case id="0-1120" name="It_exposes_config_to_post_modify_schemas_for_primitive_arrays(&quot;EchoNullableDateTimeOffset&quot;,System.Nullable`1[System.DateTimeOffset],&quot;string&quot;,&quot;date-time&quot;,&quot;System.DateTimeOffset&quot;,True)" fullname="Swashbuckle.Tests.Swagger.SchemaTests.It_exposes_config_to_post_modify_schemas_for_primitive_arrays(&quot;EchoNullableDateTimeOffset&quot;,System.Nullable`1[System.DateTimeOffset],&quot;string&quot;,&quot;date-time&quot;,&quot;System.DateTimeOffset&quot;,True)" methodname="It_exposes_config_to_post_modify_schemas_for_primitive_arrays" classname="Swashbuckle.Tests.Swagger.SchemaTests" runstate="Runnable" seed="119251053" result="Passed" start-time="2017-08-17 17:10:18Z" end-time="2017-08-17 17:10:18Z" duration="0.038392" asserts="4" />
              <test-case id="0-1121" name="It_exposes_config_to_post_modify_schemas_for_primitive_arrays(&quot;EchoNullableTimeSpan&quot;,System.Nullable`1[System.TimeSpan],&quot;string&quot;,null,&quot;System.TimeSpan&quot;,True)" fullname="Swashbuckle.Tests.Swagger.SchemaTests.It_exposes_config_to_post_modify_schemas_for_primitive_arrays(&quot;EchoNullableTimeSpan&quot;,System.Nullable`1[System.TimeSpan],&quot;string&quot;,null,&quot;System.TimeSpan&quot;,True)" methodname="It_exposes_config_to_post_modify_schemas_for_primitive_arrays" classname="Swashbuckle.Tests.Swagger.SchemaTests" runstate="Runnable" seed="1550944049" result="Passed" start-time="2017-08-17 17:10:18Z" end-time="2017-08-17 17:10:18Z" duration="0.037812" asserts="4" />
              <test-case id="0-1122" name="It_exposes_config_to_post_modify_schemas_for_primitive_arrays(&quot;EchoNullableChar&quot;,System.Nullable`1[System.Char],&quot;string&quot;,null,&quot;System.Char&quot;,True)" fullname="Swashbuckle.Tests.Swagger.SchemaTests.It_exposes_config_to_post_modify_schemas_for_primitive_arrays(&quot;EchoNullableChar&quot;,System.Nullable`1[System.Char],&quot;string&quot;,null,&quot;System.Char&quot;,True)" methodname="It_exposes_config_to_post_modify_schemas_for_primitive_arrays" classname="Swashbuckle.Tests.Swagger.SchemaTests" runstate="Runnable" seed="991182808" result="Passed" start-time="2017-08-17 17:10:18Z" end-time="2017-08-17 17:10:18Z" duration="0.037526" asserts="4" />
              <test-case id="0-1123" name="It_exposes_config_to_post_modify_schemas_for_primitive_arrays(&quot;EchoString&quot;,System.String,&quot;string&quot;,null,&quot;System.String&quot;,True)" fullname="Swashbuckle.Tests.Swagger.SchemaTests.It_exposes_config_to_post_modify_schemas_for_primitive_arrays(&quot;EchoString&quot;,System.String,&quot;string&quot;,null,&quot;System.String&quot;,True)" methodname="It_exposes_config_to_post_modify_schemas_for_primitive_arrays" classname="Swashbuckle.Tests.Swagger.SchemaTests" runstate="Runnable" seed="1057759870" result="Passed" start-time="2017-08-17 17:10:18Z" end-time="2017-08-17 17:10:19Z" duration="0.036724" asserts="4" />
              <test-case id="0-1124" name="It_exposes_config_to_post_modify_schemas_for_primitive_arrays(&quot;EchoNullableDateTime&quot;,System.Nullable`1[System.DateTime],&quot;string&quot;,&quot;date-time&quot;,&quot;System.DateTime&quot;,True)" fullname="Swashbuckle.Tests.Swagger.SchemaTests.It_exposes_config_to_post_modify_schemas_for_primitive_arrays(&quot;EchoNullableDateTime&quot;,System.Nullable`1[System.DateTime],&quot;string&quot;,&quot;date-time&quot;,&quot;System.DateTime&quot;,True)" methodname="It_exposes_config_to_post_modify_schemas_for_primitive_arrays" classname="Swashbuckle.Tests.Swagger.SchemaTests" runstate="Runnable" seed="704164407" result="Passed" start-time="2017-08-17 17:10:19Z" end-time="2017-08-17 17:10:19Z" duration="0.037959" asserts="4" />
            </test-suite>
            <test-suite type="ParameterizedMethod" id="0-1087" name="It_exposes_config_to_post_modify_schemas_for_primitives" fullname="Swashbuckle.Tests.Swagger.SchemaTests.It_exposes_config_to_post_modify_schemas_for_primitives" classname="Swashbuckle.Tests.Swagger.SchemaTests" runstate="Runnable" testcasecount="37" result="Passed" start-time="2017-08-17 17:10:19Z" end-time="2017-08-17 17:10:20Z" duration="0.973729" total="37" passed="37" failed="0" warnings="0" inconclusive="0" skipped="0" asserts="148">
              <test-case id="0-1050" name="It_exposes_config_to_post_modify_schemas_for_primitives(&quot;EchoDateTimeOffset&quot;,System.DateTimeOffset,&quot;string&quot;,&quot;date-time&quot;,&quot;System.DateTimeOffset&quot;,False)" fullname="Swashbuckle.Tests.Swagger.SchemaTests.It_exposes_config_to_post_modify_schemas_for_primitives(&quot;EchoDateTimeOffset&quot;,System.DateTimeOffset,&quot;string&quot;,&quot;date-time&quot;,&quot;System.DateTimeOffset&quot;,False)" methodname="It_exposes_config_to_post_modify_schemas_for_primitives" classname="Swashbuckle.Tests.Swagger.SchemaTests" runstate="Runnable" seed="853651304" result="Passed" start-time="2017-08-17 17:10:19Z" end-time="2017-08-17 17:10:19Z" duration="0.029616" asserts="4" />
              <test-case id="0-1051" name="It_exposes_config_to_post_modify_schemas_for_primitives(&quot;EchoNullableBoolean&quot;,System.Nullable`1[System.Boolean],&quot;boolean&quot;,null,&quot;System.Boolean&quot;,True)" fullname="Swashbuckle.Tests.Swagger.SchemaTests.It_exposes_config_to_post_modify_schemas_for_primitives(&quot;EchoNullableBoolean&quot;,System.Nullable`1[System.Boolean],&quot;boolean&quot;,null,&quot;System.Boolean&quot;,True)" methodname="It_exposes_config_to_post_modify_schemas_for_primitives" classname="Swashbuckle.Tests.Swagger.SchemaTests" runstate="Runnable" seed="1333358486" result="Passed" start-time="2017-08-17 17:10:19Z" end-time="2017-08-17 17:10:19Z" duration="0.023631" asserts="4" />
              <test-case id="0-1052" name="It_exposes_config_to_post_modify_schemas_for_primitives(&quot;EchoString&quot;,System.String,&quot;string&quot;,null,&quot;System.String&quot;,True)" fullname="Swashbuckle.Tests.Swagger.SchemaTests.It_exposes_config_to_post_modify_schemas_for_primitives(&quot;EchoString&quot;,System.String,&quot;string&quot;,null,&quot;System.String&quot;,True)" methodname="It_exposes_config_to_post_modify_schemas_for_primitives" classname="Swashbuckle.Tests.Swagger.SchemaTests" runstate="Runnable" seed="1975448643" result="Passed" start-time="2017-08-17 17:10:19Z" end-time="2017-08-17 17:10:19Z" duration="0.026140" asserts="4" />
              <test-case id="0-1053" name="It_exposes_config_to_post_modify_schemas_for_primitives(&quot;EchoByte&quot;,System.Byte,&quot;integer&quot;,&quot;int32&quot;,&quot;System.Byte&quot;,False)" fullname="Swashbuckle.Tests.Swagger.SchemaTests.It_exposes_config_to_post_modify_schemas_for_primitives(&quot;EchoByte&quot;,System.Byte,&quot;integer&quot;,&quot;int32&quot;,&quot;System.Byte&quot;,False)" methodname="It_exposes_config_to_post_modify_schemas_for_primitives" classname="Swashbuckle.Tests.Swagger.SchemaTests" runstate="Runnable" seed="258025279" result="Passed" start-time="2017-08-17 17:10:19Z" end-time="2017-08-17 17:10:19Z" duration="0.023282" asserts="4" />
              <test-case id="0-1054" name="It_exposes_config_to_post_modify_schemas_for_primitives(&quot;EchoSByte&quot;,System.SByte,&quot;integer&quot;,&quot;int32&quot;,&quot;System.SByte&quot;,False)" fullname="Swashbuckle.Tests.Swagger.SchemaTests.It_exposes_config_to_post_modify_schemas_for_primitives(&quot;EchoSByte&quot;,System.SByte,&quot;integer&quot;,&quot;int32&quot;,&quot;System.SByte&quot;,False)" methodname="It_exposes_config_to_post_modify_schemas_for_primitives" classname="Swashbuckle.Tests.Swagger.SchemaTests" runstate="Runnable" seed="1921761274" result="Passed" start-time="2017-08-17 17:10:19Z" end-time="2017-08-17 17:10:19Z" duration="0.023473" asserts="4" />
              <test-case id="0-1055" name="It_exposes_config_to_post_modify_schemas_for_primitives(&quot;EchoInt16&quot;,System.Int16,&quot;integer&quot;,&quot;int32&quot;,&quot;System.Int16&quot;,False)" fullname="Swashbuckle.Tests.Swagger.SchemaTests.It_exposes_config_to_post_modify_schemas_for_primitives(&quot;EchoInt16&quot;,System.Int16,&quot;integer&quot;,&quot;int32&quot;,&quot;System.Int16&quot;,False)" methodname="It_exposes_config_to_post_modify_schemas_for_primitives" classname="Swashbuckle.Tests.Swagger.SchemaTests" runstate="Runnable" seed="612686850" result="Passed" start-time="2017-08-17 17:10:19Z" end-time="2017-08-17 17:10:19Z" duration="0.021761" asserts="4" />
              <test-case id="0-1056" name="It_exposes_config_to_post_modify_schemas_for_primitives(&quot;EchoUInt16&quot;,System.UInt16,&quot;integer&quot;,&quot;int32&quot;,&quot;System.UInt16&quot;,False)" fullname="Swashbuckle.Tests.Swagger.SchemaTests.It_exposes_config_to_post_modify_schemas_for_primitives(&quot;EchoUInt16&quot;,System.UInt16,&quot;integer&quot;,&quot;int32&quot;,&quot;System.UInt16&quot;,False)" methodname="It_exposes_config_to_post_modify_schemas_for_primitives" classname="Swashbuckle.Tests.Swagger.SchemaTests" runstate="Runnable" seed="255716388" result="Passed" start-time="2017-08-17 17:10:19Z" end-time="2017-08-17 17:10:19Z" duration="0.022683" asserts="4" />
              <test-case id="0-1057" name="It_exposes_config_to_post_modify_schemas_for_primitives(&quot;EchoInt32&quot;,System.Int32,&quot;integer&quot;,&quot;int32&quot;,&quot;System.Int32&quot;,False)" fullname="Swashbuckle.Tests.Swagger.SchemaTests.It_exposes_config_to_post_modify_schemas_for_primitives(&quot;EchoInt32&quot;,System.Int32,&quot;integer&quot;,&quot;int32&quot;,&quot;System.Int32&quot;,False)" methodname="It_exposes_config_to_post_modify_schemas_for_primitives" classname="Swashbuckle.Tests.Swagger.SchemaTests" runstate="Runnable" seed="1950471083" result="Passed" start-time="2017-08-17 17:10:19Z" end-time="2017-08-17 17:10:19Z" duration="0.024828" asserts="4" />
              <test-case id="0-1058" name="It_exposes_config_to_post_modify_schemas_for_primitives(&quot;EchoUInt32&quot;,System.UInt32,&quot;integer&quot;,&quot;int32&quot;,&quot;System.UInt32&quot;,False)" fullname="Swashbuckle.Tests.Swagger.SchemaTests.It_exposes_config_to_post_modify_schemas_for_primitives(&quot;EchoUInt32&quot;,System.UInt32,&quot;integer&quot;,&quot;int32&quot;,&quot;System.UInt32&quot;,False)" methodname="It_exposes_config_to_post_modify_schemas_for_primitives" classname="Swashbuckle.Tests.Swagger.SchemaTests" runstate="Runnable" seed="519891426" result="Passed" start-time="2017-08-17 17:10:19Z" end-time="2017-08-17 17:10:19Z" duration="0.022731" asserts="4" />
              <test-case id="0-1059" name="It_exposes_config_to_post_modify_schemas_for_primitives(&quot;EchoInt64&quot;,System.Int64,&quot;integer&quot;,&quot;int64&quot;,&quot;System.Int64&quot;,False)" fullname="Swashbuckle.Tests.Swagger.SchemaTests.It_exposes_config_to_post_modify_schemas_for_primitives(&quot;EchoInt64&quot;,System.Int64,&quot;integer&quot;,&quot;int64&quot;,&quot;System.Int64&quot;,False)" methodname="It_exposes_config_to_post_modify_schemas_for_primitives" classname="Swashbuckle.Tests.Swagger.SchemaTests" runstate="Runnable" seed="704487542" result="Passed" start-time="2017-08-17 17:10:19Z" end-time="2017-08-17 17:10:19Z" duration="0.024305" asserts="4" />
              <test-case id="0-1060" name="It_exposes_config_to_post_modify_schemas_for_primitives(&quot;EchoUInt64&quot;,System.UInt64,&quot;integer&quot;,&quot;int64&quot;,&quot;System.UInt64&quot;,False)" fullname="Swashbuckle.Tests.Swagger.SchemaTests.It_exposes_config_to_post_modify_schemas_for_primitives(&quot;EchoUInt64&quot;,System.UInt64,&quot;integer&quot;,&quot;int64&quot;,&quot;System.UInt64&quot;,False)" methodname="It_exposes_config_to_post_modify_schemas_for_primitives" classname="Swashbuckle.Tests.Swagger.SchemaTests" runstate="Runnable" seed="53290427" result="Passed" start-time="2017-08-17 17:10:19Z" end-time="2017-08-17 17:10:19Z" duration="0.022703" asserts="4" />
              <test-case id="0-1061" name="It_exposes_config_to_post_modify_schemas_for_primitives(&quot;EchoSingle&quot;,System.Single,&quot;number&quot;,&quot;float&quot;,&quot;System.Single&quot;,False)" fullname="Swashbuckle.Tests.Swagger.SchemaTests.It_exposes_config_to_post_modify_schemas_for_primitives(&quot;EchoSingle&quot;,System.Single,&quot;number&quot;,&quot;float&quot;,&quot;System.Single&quot;,False)" methodname="It_exposes_config_to_post_modify_schemas_for_primitives" classname="Swashbuckle.Tests.Swagger.SchemaTests" runstate="Runnable" seed="825266869" result="Passed" start-time="2017-08-17 17:10:19Z" end-time="2017-08-17 17:10:19Z" duration="0.024733" asserts="4" />
              <test-case id="0-1062" name="It_exposes_config_to_post_modify_schemas_for_primitives(&quot;EchoDouble&quot;,System.Double,&quot;number&quot;,&quot;double&quot;,&quot;System.Double&quot;,False)" fullname="Swashbuckle.Tests.Swagger.SchemaTests.It_exposes_config_to_post_modify_schemas_for_primitives(&quot;EchoDouble&quot;,System.Double,&quot;number&quot;,&quot;double&quot;,&quot;System.Double&quot;,False)" methodname="It_exposes_config_to_post_modify_schemas_for_primitives" classname="Swashbuckle.Tests.Swagger.SchemaTests" runstate="Runnable" seed="1548355132" result="Passed" start-time="2017-08-17 17:10:19Z" end-time="2017-08-17 17:10:19Z" duration="0.022111" asserts="4" />
              <test-case id="0-1063" name="It_exposes_config_to_post_modify_schemas_for_primitives(&quot;EchoDecimal&quot;,System.Decimal,&quot;number&quot;,&quot;double&quot;,&quot;System.Decimal&quot;,False)" fullname="Swashbuckle.Tests.Swagger.SchemaTests.It_exposes_config_to_post_modify_schemas_for_primitives(&quot;EchoDecimal&quot;,System.Decimal,&quot;number&quot;,&quot;double&quot;,&quot;System.Decimal&quot;,False)" methodname="It_exposes_config_to_post_modify_schemas_for_primitives" classname="Swashbuckle.Tests.Swagger.SchemaTests" runstate="Runnable" seed="838392854" result="Passed" start-time="2017-08-17 17:10:19Z" end-time="2017-08-17 17:10:19Z" duration="0.024981" asserts="4" />
              <test-case id="0-1064" name="It_exposes_config_to_post_modify_schemas_for_primitives(&quot;EchoDateTime&quot;,System.DateTime,&quot;string&quot;,&quot;date-time&quot;,&quot;System.DateTime&quot;,False)" fullname="Swashbuckle.Tests.Swagger.SchemaTests.It_exposes_config_to_post_modify_schemas_for_primitives(&quot;EchoDateTime&quot;,System.DateTime,&quot;string&quot;,&quot;date-time&quot;,&quot;System.DateTime&quot;,False)" methodname="It_exposes_config_to_post_modify_schemas_for_primitives" classname="Swashbuckle.Tests.Swagger.SchemaTests" runstate="Runnable" seed="1273579705" result="Passed" start-time="2017-08-17 17:10:19Z" end-time="2017-08-17 17:10:19Z" duration="0.021829" asserts="4" />
              <test-case id="0-1065" name="It_exposes_config_to_post_modify_schemas_for_primitives(&quot;EchoTimeSpan&quot;,System.TimeSpan,&quot;string&quot;,null,&quot;System.TimeSpan&quot;,False)" fullname="Swashbuckle.Tests.Swagger.SchemaTests.It_exposes_config_to_post_modify_schemas_for_primitives(&quot;EchoTimeSpan&quot;,System.TimeSpan,&quot;string&quot;,null,&quot;System.TimeSpan&quot;,False)" methodname="It_exposes_config_to_post_modify_schemas_for_primitives" classname="Swashbuckle.Tests.Swagger.SchemaTests" runstate="Runnable" seed="1838222444" result="Passed" start-time="2017-08-17 17:10:19Z" end-time="2017-08-17 17:10:19Z" duration="0.024651" asserts="4" />
              <test-case id="0-1066" name="It_exposes_config_to_post_modify_schemas_for_primitives(&quot;EchoEnum&quot;,Swashbuckle.Dummy.Types.PrimitiveEnum,&quot;integer&quot;,&quot;int32&quot;,&quot;Swashbuckle.Dummy.Types.PrimitiveEnum&quot;,False)" fullname="Swashbuckle.Tests.Swagger.SchemaTests.It_exposes_config_to_post_modify_schemas_for_primitives(&quot;EchoEnum&quot;,Swashbuckle.Dummy.Types.PrimitiveEnum,&quot;integer&quot;,&quot;int32&quot;,&quot;Swashbuckle.Dummy.Types.PrimitiveEnum&quot;,False)" methodname="It_exposes_config_to_post_modify_schemas_for_primitives" classname="Swashbuckle.Tests.Swagger.SchemaTests" runstate="Runnable" seed="1020291482" result="Passed" start-time="2017-08-17 17:10:19Z" end-time="2017-08-17 17:10:19Z" duration="0.022035" asserts="4" />
              <test-case id="0-1067" name="It_exposes_config_to_post_modify_schemas_for_primitives(&quot;EchoEnum&quot;,Swashbuckle.Dummy.Types.PrimitiveEnum,&quot;string&quot;,null,&quot;Swashbuckle.Dummy.Types.PrimitiveEnum&quot;,False)" fullname="Swashbuckle.Tests.Swagger.SchemaTests.It_exposes_config_to_post_modify_schemas_for_primitives(&quot;EchoEnum&quot;,Swashbuckle.Dummy.Types.PrimitiveEnum,&quot;string&quot;,null,&quot;Swashbuckle.Dummy.Types.PrimitiveEnum&quot;,False)" methodname="It_exposes_config_to_post_modify_schemas_for_primitives" classname="Swashbuckle.Tests.Swagger.SchemaTests" runstate="Runnable" seed="1351795442" result="Passed" start-time="2017-08-17 17:10:19Z" end-time="2017-08-17 17:10:19Z" duration="0.024508" asserts="4" />
              <test-case id="0-1068" name="It_exposes_config_to_post_modify_schemas_for_primitives(&quot;EchoChar&quot;,System.Char,&quot;string&quot;,null,&quot;System.Char&quot;,False)" fullname="Swashbuckle.Tests.Swagger.SchemaTests.It_exposes_config_to_post_modify_schemas_for_primitives(&quot;EchoChar&quot;,System.Char,&quot;string&quot;,null,&quot;System.Char&quot;,False)" methodname="It_exposes_config_to_post_modify_schemas_for_primitives" classname="Swashbuckle.Tests.Swagger.SchemaTests" runstate="Runnable" seed="2013396854" result="Passed" start-time="2017-08-17 17:10:19Z" end-time="2017-08-17 17:10:19Z" duration="0.021926" asserts="4" />
              <test-case id="0-1069" name="It_exposes_config_to_post_modify_schemas_for_primitives(&quot;EchoBoolean&quot;,System.Boolean,&quot;boolean&quot;,null,&quot;System.Boolean&quot;,False)" fullname="Swashbuckle.Tests.Swagger.SchemaTests.It_exposes_config_to_post_modify_schemas_for_primitives(&quot;EchoBoolean&quot;,System.Boolean,&quot;boolean&quot;,null,&quot;System.Boolean&quot;,False)" methodname="It_exposes_config_to_post_modify_schemas_for_primitives" classname="Swashbuckle.Tests.Swagger.SchemaTests" runstate="Runnable" seed="2134597743" result="Passed" start-time="2017-08-17 17:10:19Z" end-time="2017-08-17 17:10:19Z" duration="0.024134" asserts="4" />
              <test-case id="0-1070" name="It_exposes_config_to_post_modify_schemas_for_primitives(&quot;EchoNullableByte&quot;,System.Nullable`1[System.Byte],&quot;integer&quot;,&quot;int32&quot;,&quot;System.Byte&quot;,True)" fullname="Swashbuckle.Tests.Swagger.SchemaTests.It_exposes_config_to_post_modify_schemas_for_primitives(&quot;EchoNullableByte&quot;,System.Nullable`1[System.Byte],&quot;integer&quot;,&quot;int32&quot;,&quot;System.Byte&quot;,True)" methodname="It_exposes_config_to_post_modify_schemas_for_primitives" classname="Swashbuckle.Tests.Swagger.SchemaTests" runstate="Runnable" seed="86654450" result="Passed" start-time="2017-08-17 17:10:19Z" end-time="2017-08-17 17:10:19Z" duration="0.021834" asserts="4" />
[...]
            <test-case id="0-1190" name="It_does_not_clear_previously_added_responses" fullname="Swashbuckle.Tests.Swagger.XmlCommentsTests.It_does_not_clear_previously_added_responses" methodname="It_does_not_clear_previously_added_responses" classname="Swashbuckle.Tests.Swagger.XmlCommentsTests" runstate="Runnable" seed="1300639189" result="Passed" start-time="2017-08-17 17:10:20Z" end-time="2017-08-17 17:10:20Z" duration="0.021977" asserts="1" />
            <test-case id="0-1189" name="It_does_not_error_on_types_with_public_fields" fullname="Swashbuckle.Tests.Swagger.XmlCommentsTests.It_does_not_error_on_types_with_public_fields" methodname="It_does_not_error_on_types_with_public_fields" classname="Swashbuckle.Tests.Swagger.XmlCommentsTests" runstate="Runnable" seed="537593988" result="Passed" start-time="2017-08-17 17:10:20Z" end-time="2017-08-17 17:10:20Z" duration="0.015927" asserts="1" />
            <test-case id="0-1184" name="It_handles_actions_decorated_with_action_name" fullname="Swashbuckle.Tests.Swagger.XmlCommentsTests.It_handles_actions_decorated_with_action_name" methodname="It_handles_actions_decorated_with_action_name" classname="Swashbuckle.Tests.Swagger.XmlCommentsTests" runstate="Runnable" seed="1875110880" result="Passed" start-time="2017-08-17 17:10:20Z" end-time="2017-08-17 17:10:20Z" duration="0.014880" asserts="2" />
            <test-case id="0-1185" name="It_handles_actions_with_array_of_generic_parameters" fullname="Swashbuckle.Tests.Swagger.XmlCommentsTests.It_handles_actions_with_array_of_generic_parameters" methodname="It_handles_actions_with_array_of_generic_parameters" classname="Swashbuckle.Tests.Swagger.XmlCommentsTests" runstate="Runnable" seed="1332168156" result="Passed" start-time="2017-08-17 17:10:20Z" end-time="2017-08-17 17:10:20Z" duration="0.016045" asserts="2" />
            <test-case id="0-1188" name="It_handles_generic_types" fullname="Swashbuckle.Tests.Swagger.XmlCommentsTests.It_handles_generic_types" methodname="It_handles_generic_types" classname="Swashbuckle.Tests.Swagger.XmlCommentsTests" runstate="Runnable" seed="819502708" result="Passed" start-time="2017-08-17 17:10:20Z" end-time="2017-08-17 17:10:20Z" duration="0.022845" asserts="4" />
            <test-case id="0-1187" name="It_handles_json_annotated_properties" fullname="Swashbuckle.Tests.Swagger.XmlCommentsTests.It_handles_json_annotated_properties" methodname="It_handles_json_annotated_properties" classname="Swashbuckle.Tests.Swagger.XmlCommentsTests" runstate="Runnable" seed="991491379" result="Passed" start-time="2017-08-17 17:10:20Z" end-time="2017-08-17 17:10:20Z" duration="0.015678" asserts="2" />
            <test-case id="0-1186" name="It_handles_nested_class_properties" fullname="Swashbuckle.Tests.Swagger.XmlCommentsTests.It_handles_nested_class_properties" methodname="It_handles_nested_class_properties" classname="Swashbuckle.Tests.Swagger.XmlCommentsTests" runstate="Runnable" seed="328987452" result="Passed" start-time="2017-08-17 17:10:20Z" end-time="2017-08-17 17:10:20Z" duration="0.022048" asserts="2" />
          </test-suite>
          <test-suite type="TestFixture" id="0-1191" name="XmlTextHelperTests" fullname="Swashbuckle.Tests.Swagger.XmlTextHelperTests" classname="Swashbuckle.Tests.Swagger.XmlTextHelperTests" runstate="Runnable" testcasecount="12" result="Passed" start-time="2017-08-17 17:10:20Z" end-time="2017-08-17 17:10:20Z" duration="0.049048" total="12" passed="12" failed="0" warnings="0" inconclusive="0" skipped="0" asserts="12">
            <test-case id="0-1199" name="XmlComment_detects_consistent_space_indendation" fullname="Swashbuckle.Tests.Swagger.XmlTextHelperTests.XmlComment_detects_consistent_space_indendation" methodname="XmlComment_detects_consistent_space_indendation" classname="Swashbuckle.Tests.Swagger.XmlTextHelperTests" runstate="Runnable" seed="2140416313" result="Passed" start-time="2017-08-17 17:10:20Z" end-time="2017-08-17 17:10:20Z" duration="0.000257" asserts="1" />
            <test-case id="0-1200" name="XmlComment_detects_consistent_tab_indendation" fullname="Swashbuckle.Tests.Swagger.XmlTextHelperTests.XmlComment_detects_consistent_tab_indendation" methodname="XmlComment_detects_consistent_tab_indendation" classname="Swashbuckle.Tests.Swagger.XmlTextHelperTests" runstate="Runnable" seed="26836089" result="Passed" start-time="2017-08-17 17:10:20Z" end-time="2017-08-17 17:10:20Z" duration="0.000217" asserts="1" />
            <test-case id="0-1195" name="XmlComment_does_not_apply_trimming_if_no_common_sequence_found" fullname="Swashbuckle.Tests.Swagger.XmlTextHelperTests.XmlComment_does_not_apply_trimming_if_no_common_sequence_found" methodname="XmlComment_does_not_apply_trimming_if_no_common_sequence_found" classname="Swashbuckle.Tests.Swagger.XmlTextHelperTests" runstate="Runnable" seed="757142825" result="Passed" start-time="2017-08-17 17:10:20Z" end-time="2017-08-17 17:10:20Z" duration="0.000205" asserts="1" />
            <test-case id="0-1202" name="XmlComment_handles_code_on_the_first_line_poorly" fullname="Swashbuckle.Tests.Swagger.XmlTextHelperTests.XmlComment_handles_code_on_the_first_line_poorly" methodname="XmlComment_handles_code_on_the_first_line_poorly" classname="Swashbuckle.Tests.Swagger.XmlTextHelperTests" runstate="Runnable" seed="1453045918" result="Passed" start-time="2017-08-17 17:10:20Z" end-time="2017-08-17 17:10:20Z" duration="0.000203" asserts="1" />
            <test-case id="0-1203" name="XmlComment_handles_code_on_the_first_line_when_subsequent_non_code_lines_are_present" fullname="Swashbuckle.Tests.Swagger.XmlTextHelperTests.XmlComment_handles_code_on_the_first_line_when_subsequent_non_code_lines_are_present" methodname="XmlComment_handles_code_on_the_first_line_when_subsequent_non_code_lines_are_present" classname="Swashbuckle.Tests.Swagger.XmlTextHelperTests" runstate="Runnable" seed="1414352574" result="Passed" start-time="2017-08-17 17:10:20Z" end-time="2017-08-17 17:10:20Z" duration="0.000198" asserts="1" />
            <test-case id="0-1201" name="XmlComment_handles_mixed_complex_content" fullname="Swashbuckle.Tests.Swagger.XmlTextHelperTests.XmlComment_handles_mixed_complex_content" methodname="XmlComment_handles_mixed_complex_content" classname="Swashbuckle.Tests.Swagger.XmlTextHelperTests" runstate="Runnable" seed="463566317" result="Passed" start-time="2017-08-17 17:10:20Z" end-time="2017-08-17 17:10:20Z" duration="0.000208" asserts="1" />
            <test-case id="0-1198" name="XmlComment_handles_mixed_indendation_using_space_tab" fullname="Swashbuckle.Tests.Swagger.XmlTextHelperTests.XmlComment_handles_mixed_indendation_using_space_tab" methodname="XmlComment_handles_mixed_indendation_using_space_tab" classname="Swashbuckle.Tests.Swagger.XmlTextHelperTests" runstate="Runnable" seed="159453144" result="Passed" start-time="2017-08-17 17:10:20Z" end-time="2017-08-17 17:10:20Z" duration="0.000251" asserts="1" />
            <test-case id="0-1197" name="XmlComment_handles_mixed_indendation_using_tab_space" fullname="Swashbuckle.Tests.Swagger.XmlTextHelperTests.XmlComment_handles_mixed_indendation_using_tab_space" methodname="XmlComment_handles_mixed_indendation_using_tab_space" classname="Swashbuckle.Tests.Swagger.XmlTextHelperTests" runstate="Runnable" seed="267025234" result="Passed" start-time="2017-08-17 17:10:20Z" end-time="2017-08-17 17:10:20Z" duration="0.000195" asserts="1" />
            <test-case id="0-1196" name="XmlComment_honours_code_blocks_when_finding_common_leading_whitespace" fullname="Swashbuckle.Tests.Swagger.XmlTextHelperTests.XmlComment_honours_code_blocks_when_finding_common_leading_whitespace" methodname="XmlComment_honours_code_blocks_when_finding_common_leading_whitespace" classname="Swashbuckle.Tests.Swagger.XmlTextHelperTests" runstate="Runnable" seed="1637366811" result="Passed" start-time="2017-08-17 17:10:20Z" end-time="2017-08-17 17:10:20Z" duration="0.000194" asserts="1" />
            <test-case id="0-1193" name="XmlComment_returns_verbatim_from_padding_single_line_input" fullname="Swashbuckle.Tests.Swagger.XmlTextHelperTests.XmlComment_returns_verbatim_from_padding_single_line_input" methodname="XmlComment_returns_verbatim_from_padding_single_line_input" classname="Swashbuckle.Tests.Swagger.XmlTextHelperTests" runstate="Runnable" seed="1487094311" result="Passed" start-time="2017-08-17 17:10:20Z" end-time="2017-08-17 17:10:20Z" duration="0.000190" asserts="1" />
            <test-case id="0-1192" name="XmlComment_returns_verbatim_from_single_line_input" fullname="Swashbuckle.Tests.Swagger.XmlTextHelperTests.XmlComment_returns_verbatim_from_single_line_input" methodname="XmlComment_returns_verbatim_from_single_line_input" classname="Swashbuckle.Tests.Swagger.XmlTextHelperTests" runstate="Runnable" seed="878609746" result="Passed" start-time="2017-08-17 17:10:20Z" end-time="2017-08-17 17:10:20Z" duration="0.000184" asserts="1" />
            <test-case id="0-1194" name="XmlComment_trims_common_leading_whitespace_over_all_lines" fullname="Swashbuckle.Tests.Swagger.XmlTextHelperTests.XmlComment_trims_common_leading_whitespace_over_all_lines" methodname="XmlComment_trims_common_leading_whitespace_over_all_lines" classname="Swashbuckle.Tests.Swagger.XmlTextHelperTests" runstate="Runnable" seed="825596744" result="Passed" start-time="2017-08-17 17:10:20Z" end-time="2017-08-17 17:10:20Z" duration="0.000190" asserts="1" />
          </test-suite>
        </test-suite>
        <test-suite type="TestSuite" id="0-1210" name="SwaggerFilters" fullname="Swashbuckle.Tests.SwaggerFilters" runstate="Runnable" testcasecount="3" result="Passed" start-time="2017-08-17 17:10:20Z" end-time="2017-08-17 17:10:20Z" duration="0.065205" total="3" passed="3" failed="0" warnings="0" inconclusive="0" skipped="0" asserts="3">
          <test-suite type="TestFixture" id="0-1160" name="SecurityTests" fullname="Swashbuckle.Tests.SwaggerFilters.SecurityTests" classname="Swashbuckle.Tests.SwaggerFilters.SecurityTests" runstate="Runnable" testcasecount="3" result="Passed" start-time="2017-08-17 17:10:20Z" end-time="2017-08-17 17:10:20Z" duration="0.061200" total="3" passed="3" failed="0" warnings="0" inconclusive="0" skipped="0" asserts="3">
            <test-case id="0-1161" name="It_exposes_config_to_define_a_basic_auth_scheme_for_the_api" fullname="Swashbuckle.Tests.SwaggerFilters.SecurityTests.It_exposes_config_to_define_a_basic_auth_scheme_for_the_api" methodname="It_exposes_config_to_define_a_basic_auth_scheme_for_the_api" classname="Swashbuckle.Tests.SwaggerFilters.SecurityTests" runstate="Runnable" seed="2130777288" result="Passed" start-time="2017-08-17 17:10:20Z" end-time="2017-08-17 17:10:20Z" duration="0.016463" asserts="1" />
            <test-case id="0-1162" name="It_exposes_config_to_define_an_api_key_auth_scheme_for_the_api" fullname="Swashbuckle.Tests.SwaggerFilters.SecurityTests.It_exposes_config_to_define_an_api_key_auth_scheme_for_the_api" methodname="It_exposes_config_to_define_an_api_key_auth_scheme_for_the_api" classname="Swashbuckle.Tests.SwaggerFilters.SecurityTests" runstate="Runnable" seed="1988780277" result="Passed" start-time="2017-08-17 17:10:20Z" end-time="2017-08-17 17:10:20Z" duration="0.016037" asserts="1" />
            <test-case id="0-1163" name="It_exposes_config_to_define_oauth2_flows_for_the_api" fullname="Swashbuckle.Tests.SwaggerFilters.SecurityTests.It_exposes_config_to_define_oauth2_flows_for_the_api" methodname="It_exposes_config_to_define_oauth2_flows_for_the_api" classname="Swashbuckle.Tests.SwaggerFilters.SecurityTests" runstate="Runnable" seed="1563264804" result="Passed" start-time="2017-08-17 17:10:20Z" end-time="2017-08-17 17:10:20Z" duration="0.017342" asserts="1" />
          </test-suite>
        </test-suite>
        <test-suite type="TestSuite" id="0-1208" name="SwaggerUi" fullname="Swashbuckle.Tests.SwaggerUi" runstate="Runnable" testcasecount="14" result="Passed" start-time="2017-08-17 17:10:20Z" end-time="2017-08-17 17:10:21Z" duration="0.103082" total="14" passed="14" failed="0" warnings="0" inconclusive="0" skipped="0" asserts="31">
          <test-suite type="TestFixture" id="0-1003" name="SwaggerUiTests" fullname="Swashbuckle.Tests.SwaggerUi.SwaggerUiTests" classname="Swashbuckle.Tests.SwaggerUi.SwaggerUiTests" runstate="Runnable" testcasecount="14" result="Passed" start-time="2017-08-17 17:10:20Z" end-time="2017-08-17 17:10:21Z" duration="0.099039" total="14" passed="14" failed="0" warnings="0" inconclusive="0" skipped="0" asserts="31">
            <test-case id="0-1014" name="It_errors_on_asset_not_found_and_returns_status_not_found" fullname="Swashbuckle.Tests.SwaggerUi.SwaggerUiTests.It_errors_on_asset_not_found_and_returns_status_not_found" methodname="It_errors_on_asset_not_found_and_returns_status_not_found" classname="Swashbuckle.Tests.SwaggerUi.SwaggerUiTests" runstate="Runnable" seed="1057068560" result="Passed" start-time="2017-08-17 17:10:20Z" end-time="2017-08-17 17:10:20Z" duration="0.003229" asserts="1" />
            <test-case id="0-1015" name="It_exposes_config_for_apiKey_name_and_location" fullname="Swashbuckle.Tests.SwaggerUi.SwaggerUiTests.It_exposes_config_for_apiKey_name_and_location" methodname="It_exposes_config_for_apiKey_name_and_location" classname="Swashbuckle.Tests.SwaggerUi.SwaggerUiTests" runstate="Runnable" seed="1088786412" result="Passed" start-time="2017-08-17 17:10:20Z" end-time="2017-08-17 17:10:20Z" duration="0.018048" asserts="2" />
            <test-case id="0-1008" name="It_exposes_config_for_swagger_ui_outh2_settings" fullname="Swashbuckle.Tests.SwaggerUi.SwaggerUiTests.It_exposes_config_for_swagger_ui_outh2_settings" methodname="It_exposes_config_for_swagger_ui_outh2_settings" classname="Swashbuckle.Tests.SwaggerUi.SwaggerUiTests" runstate="Runnable" seed="2074686749" result="Passed" start-time="2017-08-17 17:10:20Z" end-time="2017-08-17 17:10:20Z" duration="0.003849" asserts="7" />
            <test-case id="0-1007" name="It_exposes_config_for_swagger_ui_settings" fullname="Swashbuckle.Tests.SwaggerUi.SwaggerUiTests.It_exposes_config_for_swagger_ui_settings" methodname="It_exposes_config_for_swagger_ui_settings" classname="Swashbuckle.Tests.SwaggerUi.SwaggerUiTests" runstate="Runnable" seed="1396655895" result="Passed" start-time="2017-08-17 17:10:20Z" end-time="2017-08-17 17:10:20Z" duration="0.002652" asserts="3" />
            <test-case id="0-1013" name="It_exposes_config_to_disable_validator" fullname="Swashbuckle.Tests.SwaggerUi.SwaggerUiTests.It_exposes_config_to_disable_validator" methodname="It_exposes_config_to_disable_validator" classname="Swashbuckle.Tests.SwaggerUi.SwaggerUiTests" runstate="Runnable" seed="942783594" result="Passed" start-time="2017-08-17 17:10:20Z" end-time="2017-08-17 17:10:21Z" duration="0.001759" asserts="1" />
            <test-case id="0-1009" name="It_exposes_config_to_enable_a_discovery_url_selector" fullname="Swashbuckle.Tests.SwaggerUi.SwaggerUiTests.It_exposes_config_to_enable_a_discovery_url_selector" methodname="It_exposes_config_to_enable_a_discovery_url_selector" classname="Swashbuckle.Tests.SwaggerUi.SwaggerUiTests" runstate="Runnable" seed="428523439" result="Passed" start-time="2017-08-17 17:10:21Z" end-time="2017-08-17 17:10:21Z" duration="0.002673" asserts="1" />
            <test-case id="0-1010" name="It_exposes_config_to_inject_custom_javascripts" fullname="Swashbuckle.Tests.SwaggerUi.SwaggerUiTests.It_exposes_config_to_inject_custom_javascripts" methodname="It_exposes_config_to_inject_custom_javascripts" classname="Swashbuckle.Tests.SwaggerUi.SwaggerUiTests" runstate="Runnable" seed="1243376371" result="Passed" start-time="2017-08-17 17:10:21Z" end-time="2017-08-17 17:10:21Z" duration="0.002996" asserts="3" />
            <test-case id="0-1005" name="It_exposes_config_to_inject_custom_stylesheets" fullname="Swashbuckle.Tests.SwaggerUi.SwaggerUiTests.It_exposes_config_to_inject_custom_stylesheets" methodname="It_exposes_config_to_inject_custom_stylesheets" classname="Swashbuckle.Tests.SwaggerUi.SwaggerUiTests" runstate="Runnable" seed="1909558275" result="Passed" start-time="2017-08-17 17:10:21Z" end-time="2017-08-17 17:10:21Z" duration="0.003018" asserts="3" />
            <test-case id="0-1011" name="It_exposes_config_to_serve_custom_assets" fullname="Swashbuckle.Tests.SwaggerUi.SwaggerUiTests.It_exposes_config_to_serve_custom_assets" methodname="It_exposes_config_to_serve_custom_assets" classname="Swashbuckle.Tests.SwaggerUi.SwaggerUiTests" runstate="Runnable" seed="2078088397" result="Passed" start-time="2017-08-17 17:10:21Z" end-time="2017-08-17 17:10:21Z" duration="0.001577" asserts="1" />
            <test-case id="0-1006" name="It_exposes_config_to_set_the_page_title" fullname="Swashbuckle.Tests.SwaggerUi.SwaggerUiTests.It_exposes_config_to_set_the_page_title" methodname="It_exposes_config_to_set_the_page_title" classname="Swashbuckle.Tests.SwaggerUi.SwaggerUiTests" runstate="Runnable" seed="1343959462" result="Passed" start-time="2017-08-17 17:10:21Z" end-time="2017-08-17 17:10:21Z" duration="0.002136" asserts="1" />
            <test-case id="0-1012" name="It_exposes_config_to_set_validator_url" fullname="Swashbuckle.Tests.SwaggerUi.SwaggerUiTests.It_exposes_config_to_set_validator_url" methodname="It_exposes_config_to_set_validator_url" classname="Swashbuckle.Tests.SwaggerUi.SwaggerUiTests" runstate="Runnable" seed="192651035" result="Passed" start-time="2017-08-17 17:10:21Z" end-time="2017-08-17 17:10:21Z" duration="0.001903" asserts="1" />
            <test-suite type="ParameterizedMethod" id="0-1018" name="It_returns_correct_asset_mime_type" fullname="Swashbuckle.Tests.SwaggerUi.SwaggerUiTests.It_returns_correct_asset_mime_type" classname="Swashbuckle.Tests.SwaggerUi.SwaggerUiTests" runstate="Runnable" testcasecount="2" result="Passed" start-time="2017-08-17 17:10:21Z" end-time="2017-08-17 17:10:21Z" duration="0.008057" total="2" passed="2" failed="0" warnings="0" inconclusive="0" skipped="0" asserts="4">
              <test-case id="0-1016" name="It_returns_correct_asset_mime_type(&quot;http://tempuri.org/swagger/ui/css/typography-css&quot;,&quot;text/css&quot;)" fullname="Swashbuckle.Tests.SwaggerUi.SwaggerUiTests.It_returns_correct_asset_mime_type(&quot;http://tempuri.org/swagger/ui/css/typography-css&quot;,&quot;text/css&quot;)" methodname="It_returns_correct_asset_mime_type" classname="Swashbuckle.Tests.SwaggerUi.SwaggerUiTests" runstate="Runnable" seed="1973842352" result="Passed" start-time="2017-08-17 17:10:21Z" end-time="2017-08-17 17:10:21Z" duration="0.000758" asserts="2" />
              <test-case id="0-1017" name="It_returns_correct_asset_mime_type(&quot;http://tempuri.org/swagger/ui/images/logo_small-png&quot;,&quot;image/png&quot;)" fullname="Swashbuckle.Tests.SwaggerUi.SwaggerUiTests.It_returns_correct_asset_mime_type(&quot;http://tempuri.org/swagger/ui/images/logo_small-png&quot;,&quot;image/png&quot;)" methodname="It_returns_correct_asset_mime_type" classname="Swashbuckle.Tests.SwaggerUi.SwaggerUiTests" runstate="Runnable" seed="302252267" result="Passed" start-time="2017-08-17 17:10:21Z" end-time="2017-08-17 17:10:21Z" duration="0.000312" asserts="2" />
            </test-suite>
            <test-case id="0-1004" name="It_serves_the_embedded_swagger_ui" fullname="Swashbuckle.Tests.SwaggerUi.SwaggerUiTests.It_serves_the_embedded_swagger_ui" methodname="It_serves_the_embedded_swagger_ui" classname="Swashbuckle.Tests.SwaggerUi.SwaggerUiTests" runstate="Runnable" seed="1968397810" result="Passed" start-time="2017-08-17 17:10:21Z" end-time="2017-08-17 17:10:21Z" duration="0.001715" asserts="3" />
          </test-suite>
        </test-suite>
      </test-suite>
    </test-suite>
  </test-suite>
</test-run>